epoch,acc,loss,val_acc,val_loss
0,0.6095959589938925,0.8296302005498096,0.7250000010837209,0.5782611359249462
1,0.691919191076298,0.6677997420532534,0.831818180734461,0.3956469963897358
2,0.7060606059401926,0.6313665603146409,0.7909090887416493,0.4789024602283131
3,0.7199494948290815,0.6147055792086052,0.856818180734461,0.3343686699867249
4,0.7472222213793283,0.5582690798875057,0.8340909123420716,0.4090526683764024
5,0.7553030295805497,0.5381915537395863,0.888636361468922,0.284772253036499
6,0.7739898995919661,0.5038259859638985,0.7977272694761103,0.4650695638223128
7,0.7931818187838853,0.4690015956608936,0.7613636363636364,0.5033888047391718
8,0.7962121213325346,0.4593435271821841,0.8590909090909091,0.3297641223127192
9,0.8164141410529011,0.4200132150842686,0.8545454567128962,0.3382375863465396
10,0.822727273088513,0.3976628581682841,0.8659090919928117,0.3130260017785159
11,0.8434343434343434,0.360133727993628,0.8681818170980974,0.3126370299946178
12,0.8570707076727742,0.3291445405194254,0.879545452378013,0.29904795343225654
13,0.8714646461034062,0.30978217666799374,0.8545454567128962,0.33880515423688023
14,0.8641414141414141,0.30579835929051796,0.8659090887416493,0.30717885385860094
15,0.8904040406448672,0.2756685580870118,0.8727272705598311,0.29742165803909304
16,0.8893939393939394,0.2678119781041386,0.8454545465382662,0.36322629072449425
17,0.9007575753963355,0.23411650290392866,0.8250000032511624,0.40171789526939394
18,0.9073232320824055,0.23160276491232593,0.813636366887526,0.41806771430102263
19,0.9133838376613579,0.22565811481138673,0.8545454534617337,0.31951605081558226
20,0.9179292928088795,0.20332427088058355,0.8295454556291754,0.3896391971544786
21,0.9204545462974394,0.19497902817798382,0.8931818160143765,0.2754759905013171
22,0.9277777770552972,0.1828894271995082,0.8749999978325583,0.316422392021526
23,0.9295454541842143,0.173903116824651,0.8590909090909091,0.3512966367331418
24,0.9419191920396054,0.1564485093258848,0.875,0.30814882571047003
25,0.9376262617833686,0.1514867515576006,0.8749999978325583,0.31793973500078376
26,0.9464646457421659,0.14284682635105017,0.8340909112583507,0.37587363069707697
27,0.9487373733761335,0.13452430162766968,0.9045454512942921,0.24886729527603496
28,0.9595959594755462,0.11879048907395565,0.8795454512942921,0.2969970055601814
29,0.9648989895377497,0.10692099110044614,0.8840909080071883,0.2830740977417339
30,0.963383839106319,0.10990767546675421,0.8545454567128962,0.36715835278684444
31,0.9643939385510454,0.10610694907831424,0.875,0.3163000710985877
32,0.9729797987022786,0.09175488924739336,0.8500000021674416,0.3920898746360432
33,0.9737373731353066,0.08458197663227716,0.8863636341961947,0.2923036355863918
34,0.9777777771757107,0.07601787950655427,0.9045454523780129,0.2563236046921123
35,0.9810606067830866,0.07155181131880693,0.8863636352799156,0.27108343649994243
36,0.9810606065422598,0.06909875306818221,0.8704545465382663,0.32367313612591136
37,0.9815656570473102,0.06590297027218221,0.8840909080071883,0.29307921068234877
38,0.9828282835507633,0.06311965760859577,0.8659090919928117,0.31541169339960273
39,0.980303030784684,0.06405628881972246,0.8590909101746299,0.36281653317538176
40,0.9825757580574113,0.05562867708127908,0.8840909101746299,0.2960754697973078
41,0.9876262626262626,0.050971451747899105,0.8477272738109936,0.3949331673708829
42,0.9886363636363636,0.047420328061538515,0.8500000021674416,0.35949883135882293
43,0.9876262633487431,0.044198625527247036,0.8750000021674417,0.3030999879945408
44,0.9896464646464647,0.04445890381631225,0.8500000021674416,0.394349220124158
45,0.9883838386246653,0.044283512257265324,0.8772727294401689,0.3161856702782891
46,0.9906565658973925,0.0361502119387039,0.875,0.31455173980106005
47,0.9929292934109466,0.03298590788335511,0.8863636331124739,0.30736370167948984
48,0.9909090911499178,0.0367257333915643,0.8636363636363636,0.3364873059771278
49,0.9936868678439748,0.031493058228733564,0.879545452378013,0.32497218549251555
50,0.9926767683992482,0.03438710683222973,0.8863636363636364,0.29424913173372097
51,0.9949494951903218,0.031207229091663555,0.884090909090909,0.3012743733145974
52,0.9924242429058961,0.03543754141740125,0.8590909112583507,0.35509451817382465
53,0.9944444446852713,0.02877772400023961,0.875,0.328525248169899
54,0.9944444444444445,0.02631029605564445,0.8636363647200844,0.3766255644234744
55,0.9979797982206249,0.024271987160347928,0.8840909069234675,0.33342473994601857
56,0.996969696969697,0.022996831658964205,0.8795454545454545,0.33697554631666704
57,0.9959595959595959,0.022362086195686852,0.8590909112583507,0.37897859161550346
58,0.9959595962004228,0.022462138556169742,0.8977272759784352,0.2738138594410636
59,0.9977272727272727,0.019839284147578056,0.8636363658038053,0.36056020855903625
60,0.9957070709478976,0.02088609038654602,0.8636363636363636,0.4012867174365304
61,0.9959595959595959,0.021073668117098737,0.9022727251052857,0.28419747786088423
62,0.997979797979798,0.01952264734515638,0.861363638531078,0.3724406296556646
63,0.997979797979798,0.01750493138426482,0.8863636352799156,0.3063761377876455
64,0.9957070707070707,0.02019716204341614,0.8795454545454545,0.3026423446156762
65,0.9974747474747475,0.01773083320244996,0.8704545465382663,0.3477761390534314
66,0.9967171719579986,0.017684534350127883,0.8840909080071883,0.32348367057063365
67,0.9974747474747475,0.016713166648917126,0.8681818181818182,0.3676325491883538
68,0.997979797979798,0.015102275938849257,0.8977272716435519,0.26493503830649634
69,0.9969696972105239,0.01456521868781008,0.8840909069234675,0.3369777812199159
70,0.998232323713977,0.01590198449263669,0.8840909080071883,0.33120465739206834
71,0.998989898989899,0.013797969271363031,0.8818181829019026,0.36406049538742413
72,0.9977272727272727,0.014531908058232129,0.8795454545454545,0.33535208837552505
73,0.9974747474747475,0.015749683584829772,0.884090909090909,0.337352101911198
74,0.9982323232323232,0.012228025691677826,0.8886363603852012,0.33086559772491453
75,0.9982323232323232,0.013668090806841247,0.8840909080071883,0.35457718561996115
76,0.9969696972105239,0.015275823260949116,0.8704545465382663,0.3696638735857877
77,0.9974747474747475,0.015646402567926078,0.8681818203492598,0.3968547398393804
78,0.9982323232323232,0.015595704911634176,0.9045454512942921,0.26484174728393556
79,0.9984848484848485,0.013243022781204093,0.884090909090909,0.3343820978294719
80,0.9984848489665021,0.011890283369957799,0.8727272738109936,0.3830600993199782
81,0.9977272727272727,0.013457081174346233,0.8931818160143765,0.3085010680285367
82,0.9979797982206249,0.011610334492617785,0.8772727272727273,0.3595717749812386
83,0.9984848487256753,0.01018440399055529,0.8750000010837208,0.380151948874647
84,0.9984848484848485,0.01119434545851416,0.8909090898253701,0.32178967920216645
85,0.9984848484848485,0.010163100095785627,0.8727272727272727,0.3818551643328233
86,0.997979797979798,0.01094715307946458,0.888636361468922,0.3083341910080476
87,0.998989898989899,0.010310589906881855,0.8772727272727273,0.3641397476196289
88,0.9997474747474747,0.008586209568411413,0.8795454534617337,0.36602508398619565
89,0.997979797979798,0.009900402982314729,0.8863636352799156,0.36896195113658903
90,0.9974747477155743,0.010407922815794897,0.888636361468922,0.3337963190945712
91,0.9992424244832511,0.009774078105134193,0.8795454545454545,0.3679340890862725
92,0.9982323232323232,0.012740861425044561,0.8909090876579284,0.3372908979654312
93,0.997979797979798,0.009691087320221193,0.9022727240215648,0.31936332962729713
94,0.9984848489665021,0.009243254122709987,0.8636363658038053,0.3816240722482855
95,0.9984848489665021,0.010155020985338423,0.8863636363636364,0.34049823934381657
96,0.997979797979798,0.01098936227987511,0.8909090898253701,0.33227917199785056
97,0.9994949494949495,0.007712479467230915,0.8659090930765325,0.4523061259226365
98,0.9997474747474747,0.006315938461421415,0.8886363625526428,0.347527997602116
99,0.9984848484848485,0.008480729618006283,0.881818180734461,0.36397750106724824
100,0.998989898989899,0.00817323030264239,0.8750000021674417,0.4146710390394384
101,0.9997474749883016,0.00687704835877274,0.8727272727272727,0.4236039329658855
102,0.998989898989899,0.007582308560835593,0.865909090909091,0.4134268831123005
103,0.9994949494949495,0.006682608942642356,0.8750000010837208,0.4158472407947887
104,0.9984848487256753,0.0071844648569822315,0.870454547621987,0.4695027161728252
105,0.998989898989899,0.007474638277081528,0.8704545443708246,0.4315220781347968
106,0.9982323232323232,0.009435392894565757,0.8863636341961947,0.39813307388262315
107,1.0,0.006662955737174159,0.8886363603852012,0.34450159777294503
108,0.997979797979798,0.009484012189763363,0.8795454534617337,0.4125263723460111
109,0.9992424242424243,0.00733088090677153,0.8772727272727273,0.40135640827092256
110,0.9982323232323232,0.008638211109233324,0.8931818160143765,0.3777190785516392
111,0.9977272729680996,0.009126892078178699,0.888636361468922,0.3510285447944294
112,0.9974747474747475,0.009145661868681812,0.8545454567128962,0.48674619739705866
113,0.998989898989899,0.008743365575568844,0.8931818160143765,0.3523446819999001
114,0.9982323232323232,0.009891035674948884,0.8772727272727273,0.3729298862543973
115,0.9977272729680996,0.009260245525475705,0.9113636341961947,0.30192348767410626
116,0.9977272727272727,0.010790508333593607,0.8522727294401689,0.44234273975545707
117,0.9992424242424243,0.008449018692052123,0.9181818203492598,0.2630207348953594
118,0.9992424242424243,0.006820267858454073,0.8818181796507402,0.36148364679379896
119,0.9997474747474747,0.007009440147778903,0.8954545432871038,0.3428437669168819
120,0.9984848484848485,0.0068042936885371955,0.9022727305238897,0.29578688171776857
121,0.996212121452948,0.012223441311807344,0.8522727294401689,0.48120952519503507
122,0.9974747474747475,0.011085923550405887,0.8659090898253701,0.4588553260673176
123,0.9987373737373737,0.0073200529036723605,0.8704545454545455,0.46535147645256736
124,0.9994949494949495,0.005748264941226954,0.8681818181818182,0.4304935330694372
125,0.9987373737373737,0.007303101276847148,0.8772727272727273,0.3996216150847348
126,0.9979797982206249,0.009496584267477796,0.9022727240215648,0.3254281306808645
127,0.9982323232323232,0.009980810778874038,0.895454542203383,0.37619662284851074
128,0.997979797979798,0.011133627348927536,0.8522727283564481,0.5577819071032785
129,0.9974747477155743,0.01169444831332775,0.870454547621987,0.450128541209481
130,0.9987373737373737,0.009220172145940137,0.8954545432871038,0.3887971043586731
131,0.99823232347315,0.008363155768525721,0.8749999978325583,0.3981005655093627
132,0.9967171717171717,0.011963753215968608,0.879545452378013,0.3930533907630227
133,0.997222222463049,0.011570490635178909,0.8704545454545455,0.4238745767961849
134,0.99823232347315,0.009730834792358707,0.8772727261890064,0.39960070604627784
135,0.997979797979798,0.011840120714741073,0.8522727305238897,0.5329550309614701
136,0.9984848484848485,0.009263241306097821,0.8681818181818182,0.4506439945914529
137,0.9984848487256753,0.011329005169447022,0.8818181818181818,0.4287926587191495
138,0.9967171717171717,0.010450147234392587,0.8636363636363636,0.4563324890353463
139,0.998989898989899,0.008817216733263598,0.8590909112583507,0.5134121271696958
140,0.9987373737373737,0.00975514520806345,0.8931818214329806,0.35427931628443976
141,0.9974747474747475,0.010488607678938694,0.904545457796617,0.32402424785223877
142,0.9982323232323232,0.007589194554873187,0.888636361468922,0.41320364556529304
143,0.9987373737373737,0.006498034950345755,0.8931818149306557,0.38494852672923696
144,0.9989898992307258,0.006436148291510163,0.9045454556291753,0.3694221706552939
145,0.9994949494949495,0.005568840341040432,0.8681818170980974,0.5185529467734423
146,0.9987373737373737,0.0062000399892867515,0.856818180734461,0.5107504259456288
147,0.9987373737373737,0.005655009364427039,0.9090909058397466,0.2974914393641732
148,0.9977272727272727,0.008529825068803298,0.9022727305238897,0.3551465169949965
149,0.9987373737373737,0.007717937164272022,0.9227272748947144,0.26890610971234064
150,0.9982323232323232,0.007877318866814326,0.9090909123420715,0.3465478068048304
151,0.998989898989899,0.006754228710714314,0.8886363603852012,0.4169593377546831
152,0.998989898989899,0.0056457034119339,0.8749999989162792,0.4575620011849837
153,0.9992424242424243,0.004630618620513364,0.8931818149306557,0.39653056589039887
154,0.9977272727272727,0.007401057496441133,0.8613636352799156,0.5451105237007141
155,0.9984848487256753,0.0071287351651023135,0.8999999989162791,0.36290127580816095
156,0.998989898989899,0.0065065969120372425,0.8909090887416493,0.36574769805778157
157,0.9977272727272727,0.008861731623083052,0.888636361468922,0.42279109142043375
158,0.9987373737373737,0.008231805137010537,0.8795454512942921,0.46307453296401285
159,0.9994949494949495,0.005720673545705851,0.8704545443708246,0.45257136686281724
160,0.9979797982206249,0.00818190865331527,0.8863636331124739,0.39371239705519245
161,0.9954545454545455,0.014454575095589112,0.895454542203383,0.3806376134807413
162,0.9967171717171717,0.012240851239649334,0.8750000010837208,0.46137733947147025
163,0.9954545454545455,0.016071463235174166,0.8340909112583507,0.6032677921381864
164,0.9952020202020202,0.019936922294172373,0.863636361468922,0.41576463986526835
165,0.9977272729680996,0.011817989445695974,0.9181818149306558,0.31337359141219745
166,0.9931818184226451,0.021245619218156795,0.8727272705598311,0.5399490835991773
167,0.9924242424242424,0.025487156050524325,0.8909090941602533,0.36886083592068064
168,0.9876262631079163,0.035971877866923206,0.8795454512942921,0.4192047552628951
169,0.9863636366044632,0.0374958635354885,0.8522727283564481,0.603597349470312
170,0.9871212126028658,0.03809873529455878,0.8545454567128962,0.4968252821402116
171,0.9896464648872915,0.0379174422209311,0.888636361468922,0.3405959178100933
172,0.98636363684529,0.0385094573702475,0.9159090887416493,0.3314388359134847
173,0.9931818184226451,0.01996539378858576,0.8477272727272728,0.5776582837104798
174,0.9949494949494949,0.01733698939735239,0.8840909069234675,0.418171626329422
175,0.9957070707070707,0.013464892477813092,0.8909090876579284,0.40925514129075136
176,0.9934343436751703,0.019452161714434625,0.9159090941602533,0.2714270532131195
177,0.9967171717171717,0.015108840886240054,0.8590909101746299,0.5224994171749462
178,0.9962121216937749,0.012451233978223319,0.9250000021674416,0.3137210206551985
179,0.9957070709478976,0.012311335485616718,0.8613636363636363,0.5334701803597537
180,0.996969696969697,0.012076459220619966,0.9090909123420715,0.36466630209576
181,0.9972222222222222,0.012457986537254218,0.9022727251052857,0.3533314870162444
182,0.9969696976921775,0.011551805307166745,0.8772727261890064,0.4403485769575292
183,0.9964646464646465,0.013472593279386108,0.8840909069234675,0.475696956298568
184,0.9987373737373737,0.010915083217086514,0.8749999967488375,0.4717892508615147
185,0.9984848484848485,0.0065584291163079365,0.8818181818181818,0.4793446811762723
186,0.99823232347315,0.0065963947317666475,0.8931818149306557,0.42404020645401697
187,0.997979797979798,0.005942579423726508,0.8931818149306557,0.4464076483791525
188,0.998989898989899,0.005053794339318017,0.8840909058397467,0.48279095671393657
189,0.9994949494949495,0.0043997070803824395,0.8840909080071883,0.46746102571487425
190,0.9982323232323232,0.005991305900982233,0.8727272716435519,0.5006400054151362
191,0.9984848484848485,0.006400499291567489,0.8977272705598311,0.3981919012286446
192,0.9997474747474747,0.0037216332985671482,0.888636361468922,0.4745733374899084
193,0.9997474747474747,0.004094391885787399,0.8909090898253701,0.42538902380249716
194,0.998989898989899,0.004928816575086628,0.8727272716435519,0.5300076733935963
195,0.9992424242424243,0.0049786741835902435,0.879545452378013,0.44987275464968246
196,0.9992424242424243,0.00517495870402064,0.9090909058397466,0.3417633308605714
197,0.9987373737373737,0.006098886172409461,0.8931818160143765,0.40586285455660387
198,0.9992424242424243,0.005257921803253468,0.904545457796617,0.4174639728936282
199,0.9977272727272727,0.007793238801373677,0.8954545432871038,0.42406257716092194
200,0.998989898989899,0.006373207338831641,0.8613636363636363,0.599319032647393
201,0.9977272729680996,0.007412411799334517,0.8772727251052856,0.4932103303345767
202,0.9977272727272727,0.011047139045114469,0.8704545454545455,0.5492610573768616
203,0.998989898989899,0.005782082412072053,0.8931818160143765,0.416513099453666
204,0.997979797979798,0.006901598647895335,0.8704545454545455,0.5479472068223086
205,0.996969696969697,0.007818690177072029,0.8863636331124739,0.4695103824138641
206,0.996969696969697,0.008974565578756309,0.8568181829019026,0.6198215061968023
207,0.997979797979798,0.0070062834237975,0.9159090941602533,0.3585882842540741
208,0.9982323232323232,0.005695498655691291,0.9159090919928117,0.3140706512061032
209,0.9992424242424243,0.0048624892192281255,0.8954545432871038,0.41405928947708825
210,0.9987373737373737,0.005906075464956688,0.9022727305238897,0.4304480633952401
211,0.9982323232323232,0.007398644037958649,0.9022727305238897,0.4276801504872062
212,0.996969696969697,0.00687050475654277,0.9181818214329807,0.3454715075817975
213,0.9982323232323232,0.0061880812763866755,0.8363636374473572,0.7567228945818815
214,0.997979797979798,0.007144994099596233,0.895454542203383,0.443981346487999
215,0.9982323232323232,0.006855998420617496,0.9090909058397466,0.37947831722823056
216,0.9987373737373737,0.005875929316618678,0.8749999978325583,0.5011198008602316
217,0.9997474747474747,0.0033520031837991093,0.8863636341961947,0.43101157275113194
218,0.9997474749883016,0.002501853472656674,0.9022727305238897,0.4269459523937919
219,0.9994949494949495,0.00314228589166746,0.8954545487057078,0.4279912683096799
220,0.9989898994715527,0.0033078866973143034,0.8749999989162792,0.5705576636574485
221,0.9992424242424243,0.002903914574599552,0.9227272759784352,0.34915420629761434
222,0.9992424242424243,0.003955466632561928,0.8772727261890064,0.5156746078621257
223,1.0,0.0024005366931434233,0.8886363625526428,0.4827364534139633
224,0.9997474747474747,0.0020411599091150695,0.8931818149306557,0.49611369533972305
225,0.9992424242424243,0.002386120627540154,0.8818181850693443,0.5641104370355606
226,0.9994949494949495,0.0018957735961209043,0.8840909058397467,0.5230031688104976
227,0.9997474747474747,0.0017666686481485764,0.8840909123420715,0.5155845108357343
228,1.0,0.0015970159907627737,0.8772727251052856,0.517167143388228
229,0.9987373737373737,0.003849260613199963,0.9022727294401689,0.41009394851597875
230,0.9992424242424243,0.0033313292393818347,0.8363636374473572,0.776137748631564
231,0.9987373737373737,0.005895411224584236,0.8840909123420715,0.4950758673928001
232,0.9982323232323232,0.007373300700852967,0.9090909112583507,0.3721049639311704
233,0.9987373739782006,0.004544660798979528,0.9022727240215648,0.40958851386200296
234,0.998989898989899,0.004972618989495918,0.8886363603852012,0.508792391690341
235,0.998989898989899,0.005410966160942358,0.895454542203383,0.49977102035825904
236,0.9987373737373737,0.005197289682256829,0.8863636331124739,0.5287714717063037
237,0.9982323232323232,0.005995872454962345,0.886363638531078,0.4740037200125781
238,0.9964646464646465,0.010413296498132475,0.8659090898253701,0.6321028877388347
239,0.9972222222222222,0.008998754692047533,0.8340909090909091,0.7310680356892673
240,0.9967171719579986,0.009062364102915079,0.8681818181818182,0.6025792365724391
241,0.9962121212121212,0.011212729674886273,0.8954545432871038,0.41420149342580276
242,0.9967171717171717,0.00936082989598314,0.8772727261890064,0.5429547819224271
243,0.995202020442847,0.014932667693555958,0.904545457796617,0.3633713253519752
244,0.997979797979798,0.010006916961359857,0.8909090898253701,0.4796793154694817
245,0.996212121452948,0.011999501882478444,0.8659090898253701,0.5606476247310639
246,0.996969696969697,0.012279036909228925,0.9136363603852012,0.3784133491190997
247,0.9959595962004228,0.015170031846171678,0.9068181796507402,0.3453567610545592
248,0.9969696974513507,0.01060334811306963,0.9022727240215648,0.41493439701470464
249,0.9967171719579986,0.00933918786997145,0.8749999978325583,0.46940859962593423
250,0.9962121219346017,0.012258350232032814,0.9181818203492598,0.2817812354727225
251,0.9959595959595959,0.013878005790063227,0.9181818203492598,0.28997035283933986
252,0.9959595959595959,0.013239493382379714,0.8863636352799156,0.5160490176894448
253,0.9936868686868687,0.013798377187828524,0.8545454534617337,0.5874718758192929
254,0.995202020442847,0.011882448939587733,0.8999999967488376,0.4518851274793798
255,0.9957070711887244,0.01245659381301716,0.8750000032511625,0.6421338997103951
256,0.9952020202020202,0.013236476899585639,0.8886363603852012,0.48981788673184135
257,0.9969696972105239,0.009073059099039646,0.8727272694761102,0.5807675930586729
258,0.9972222222222222,0.007848350109174998,0.8954545487057078,0.54574600268494
259,0.9962121212121212,0.009574035716929821,0.9090909123420715,0.40691111331636254
260,0.997222222463049,0.007659656121724784,0.9022727294401689,0.41837615452029486
261,0.997222222463049,0.007836724977676917,0.8909090941602533,0.5117114741693843
262,0.9964646464646465,0.009925300392764385,0.8681818149306557,0.5677802622318268
263,0.996212121452948,0.010719722445414524,0.9113636396147988,0.33395855616439474
264,0.9974747474747475,0.00995210741336147,0.9000000032511625,0.4487177634781057
265,0.9984848484848485,0.007813125073608726,0.8863636396147988,0.5602137516845357
266,0.9974747474747475,0.009407803628386722,0.8840909058397467,0.5472914885390888
267,0.9987373739782006,0.006987061567905575,0.904545457796617,0.40399968109347606
268,0.9977272729680996,0.009627182300042624,0.84090908982537,0.7400356108492071
269,0.9972222222222222,0.008855498414674793,0.9272727305238897,0.35993350771340454
270,0.996969696969697,0.011552696876848737,0.8681818149306557,0.5988409291614186
271,0.9977272727272727,0.007534272312139622,0.8954545476219871,0.4481737808747725
272,0.997979797979798,0.008238300824105137,0.870454542203383,0.5401905344291167
273,0.9977272727272727,0.00786109718992704,0.8409090909090909,0.7728720480745489
274,0.9972222222222222,0.008146326126286177,0.8818181796507402,0.557365054433996
275,0.9962121212121212,0.011029123825801894,0.9045454567128962,0.4322732852263884
276,0.9977272727272727,0.00927666980030034,0.9000000032511625,0.48696588250723755
277,0.9962121212121212,0.011832241840999234,0.9000000032511625,0.4850384026765823
278,0.9977272727272727,0.008168710797385435,0.8909090941602533,0.5295551879839464
279,0.9954545456953723,0.010694491629949723,0.8681818160143766,0.5366235749288039
280,0.9974747479564011,0.009675716676495291,0.9136363658038053,0.38176816539330916
281,0.9974747477155743,0.006884395481661113,0.8977272694761103,0.48833035040985456
282,0.9984848484848485,0.005342375590569443,0.8954545487057078,0.4622951775789261
283,0.998232323713977,0.0047420283440839164,0.8886363658038052,0.5361956271258268
284,0.998989898989899,0.0045437144637672285,0.8840909123420715,0.5914237501946362
285,0.9987373737373737,0.006769180494228924,0.8909090876579284,0.5409777381203391
286,0.9987373737373737,0.005443223529128414,0.9022727294401689,0.4413870293985714
287,0.9984848484848485,0.006136047856110816,0.913636366887526,0.357481451197104
288,0.9987373737373737,0.004817746662666476,0.911363638531078,0.3850069780241359
289,0.9994949494949495,0.003309422734692091,0.8681818160143766,0.62611278349703
290,0.9992424242424243,0.002942380162115877,0.9022727240215648,0.44930805265903473
291,0.9984848484848485,0.004366200703026896,0.895454542203383,0.5255365984006362
292,0.9967171717171717,0.008156632444811891,0.9045454567128962,0.4548176629976793
293,0.9987373737373737,0.005045624244770016,0.8772727251052856,0.6294512244788083
294,0.9987373739782006,0.004737625338814475,0.9045454523780129,0.4223243786530061
295,0.9989898992307258,0.00425762738468069,0.8568181818181818,0.6155622910369526
296,0.9969696972105239,0.007896184556261458,0.9022727294401689,0.4709587802941149
297,0.9962121212121212,0.008716914911914354,0.8727272694761102,0.6092020397836512
298,0.9982323232323232,0.006499057893424925,0.8886363603852012,0.4857372438365763
299,0.9982323232323232,0.0069791722493575455,0.9227272748947144,0.3600163599306887
300,0.996969696969697,0.009564692674279965,0.8977272748947144,0.49755052382295784
301,0.9974747474747475,0.007069700422480401,0.9136363658038053,0.365641172636639
302,0.9977272727272727,0.007425432855903049,0.8954545487057078,0.4872827681628141
303,0.9974747477155743,0.007647339901839844,0.8477272738109936,0.6862133465029977
304,0.9977272727272727,0.007176015762179488,0.9045454567128962,0.4212606218728152
305,0.9972222222222222,0.009391188128108177,0.8772727261890064,0.6413574787703428
306,0.9984848484848485,0.005439410982959236,0.8909090887416493,0.5489569972861897
307,0.9982323232323232,0.007212016627549975,0.9227272748947144,0.3318294537338344
308,0.9967171721988254,0.008658619080152776,0.8840909058397467,0.5878972839225423
309,0.9972222222222222,0.008785623443698641,0.9000000032511625,0.49715740274299275
310,0.9959595964412497,0.01259689357395124,0.8954545476219871,0.4823494653810154
311,0.9934343436751703,0.017765309356830336,0.9000000032511625,0.41472994658080015
312,0.9952020202020202,0.016944868207880943,0.9113636396147988,0.421924045140093
313,0.996969696969697,0.010473673139237846,0.884090909090909,0.5663820239630613
314,0.997222222463049,0.008809685343970555,0.868181819265539,0.6342164126309482
315,0.9952020202020202,0.011756429769983045,0.8636363636363636,0.6620967068455436
316,0.9984848484848485,0.0073199373886290225,0.8500000010837209,0.7718476387587461
317,0.9964646464646465,0.011016015022654426,0.8999999967488376,0.5008281149647452
318,0.996969696969697,0.008911863084167543,0.9068181839856234,0.47125633250583304
319,0.9957070707070707,0.012207365745321067,0.8818181818181818,0.6035747387192466
320,0.9964646464646465,0.012325274911379875,0.8659090887416493,0.6794822606173428
321,0.9939393941802208,0.015962754124117018,0.9318181839856234,0.2868864511901682
322,0.9952020202020202,0.012984659125783829,0.9159090930765326,0.32869608808647505
323,0.9977272727272727,0.00802238065128525,0.8886363603852012,0.5579777457497337
324,0.9972222222222222,0.008472088263417133,0.9204545476219871,0.3966918899254365
325,0.9967171717171717,0.00843005555310296,0.8681818170980974,0.6461148581721566
326,0.9969696972105239,0.009277267806758784,0.8954545476219871,0.5700940595431762
327,0.9964646464646465,0.010825835981152275,0.9045454567128962,0.5447211065075614
328,0.996969696969697,0.008420139687098186,0.9068181796507402,0.4800375301729549
329,0.9977272727272727,0.007191614154255902,0.9068181785670194,0.3845116989179091
330,0.9984848487256753,0.0041375379764823,0.9022727305238897,0.5372607957233082
331,0.9984848484848485,0.003794918229304856,0.8977272759784352,0.498049766367132
332,0.9984848484848485,0.0053802755724808035,0.9204545476219871,0.39336819838393816
333,0.9984848484848485,0.005069205097176812,0.9090909112583507,0.4851459982720288
334,0.9989898992307258,0.0031324631496887616,0.8863636341961947,0.6362726412036203
335,0.998989898989899,0.0036219181742218106,0.9022727251052857,0.6113765792413192
336,0.997979797979798,0.0059061369863385805,0.8863636331124739,0.5942480927163905
337,0.9987373737373737,0.004344529090472732,0.8795454534617337,0.6448173100298101
338,0.9994949494949495,0.0028230527536990593,0.8886363603852012,0.6657393672249534
339,0.9992424242424243,0.0029959407766735314,0.8909090876579284,0.6271769176829946
340,0.9997474747474747,0.0029535431046782044,0.8909090887416493,0.5882075575265018
341,0.9992424242424243,0.0025095116349426335,0.8931818160143765,0.5818479006940668
342,0.998989898989899,0.0025053894654095098,0.9181818203492598,0.41119292270053515
343,0.998989898989899,0.003664281019338905,0.8909090887416493,0.5096781253814697
344,0.9992424242424243,0.002863650359189834,0.8681818160143766,0.6651137384501371
345,0.9984848484848485,0.0036800673815910938,0.9022727305238897,0.5217493696646257
346,0.9992424242424243,0.0025913732472073398,0.895454542203383,0.4725710096684369
347,0.998989898989899,0.002871669842179564,0.8931818160143765,0.5563872508027337
348,0.9994949494949495,0.0030328470947529012,0.8863636341961947,0.6463236158544367
349,0.9997474747474747,0.002954007852634396,0.8795454534617337,0.6732794691215862
350,0.9997474747474747,0.0022831477981526405,0.9227272748947144,0.4044520825147629
351,0.9994949494949495,0.002555788958191194,0.9181818203492598,0.394597990675406
352,0.9974747477155743,0.00577049454617681,0.9068181785670194,0.5200058926235546
353,0.9974747474747475,0.006312542467970739,0.9181818203492598,0.4887036220593886
354,0.998989898989899,0.0039920473960463445,0.9022727294401689,0.5222532627257434
355,0.998989898989899,0.005066752130156288,0.8818181785670194,0.7035590079697696
356,0.9994949494949495,0.0036474142345891457,0.8977272759784352,0.5785633076320995
357,1.0,0.002107176905253319,0.8704545454545455,0.7068795892325315
358,1.0,0.0015703290489248254,0.8931818214329806,0.6149356749924746
359,1.0,0.0014362919545318517,0.9090909112583507,0.5079362351786006
360,0.9997474749883016,0.001439870563759045,0.911363638531078,0.4841032204302875
361,0.9997474747474747,0.00221067469560005,0.9000000021674416,0.5484604746103287
362,0.9992424242424243,0.002860395580229133,0.8727272727272727,0.7466673455455086
363,0.9994949494949495,0.002627442486941664,0.9000000032511625,0.510113570635969
364,0.9992424242424243,0.003403984307607805,0.9181818214329807,0.4676826441829855
365,0.998989898989899,0.003417334859870901,0.9159090941602533,0.4558828248219057
366,0.9992424244832511,0.00393090308314622,0.9159090930765326,0.4569619083946401
367,0.9992424242424243,0.0024543021457514376,0.9159090930765326,0.41515923792665654
368,0.9997474747474747,0.001593780748997674,0.9000000021674416,0.5444767491383986
369,0.9992424242424243,0.0020412433739619876,0.8772727251052856,0.7237683989784934
370,0.9992424242424243,0.0031489660134397897,0.9045454567128962,0.5106141765009273
371,0.9992424242424243,0.002731621568091214,0.895454542203383,0.5632203541018747
372,0.9994949494949495,0.002629805522302937,0.8704545432871038,0.6388542684641751
373,0.9992424242424243,0.003535624770353539,0.913636366887526,0.4018337379802357
374,0.9994949494949495,0.0026922954929606857,0.904545457796617,0.506003874540329
375,0.9992424242424243,0.0034008881159484235,0.911363638531078,0.524241212552244
376,0.9992424242424243,0.0032028415818896256,0.8840909058397467,0.6437743105671623
377,0.99823232347315,0.006204342237212742,0.8977272748947144,0.5767827345566316
378,0.9982323232323232,0.004837685968312952,0.8409090941602534,0.7588144551623951
379,0.9967171717171717,0.008694784660268613,0.9181818203492598,0.35728834217244926
380,0.9949494949494949,0.013780487850872856,0.8886363668875261,0.4983201717788523
381,0.9987373737373737,0.005619284334225636,0.8545454523780129,0.7371335219253193
382,0.9969696972105239,0.007993381033943156,0.9204545476219871,0.35086271315813067
383,0.9959595962004228,0.009432459705405766,0.8772727251052856,0.5251712633804841
384,0.997979797979798,0.007142361127442182,0.8931818149306557,0.5171347748149525
385,0.9974747474747475,0.00864789415094437,0.8636363625526429,0.623876813325015
386,0.9979797984614517,0.009355441834589447,0.9204545476219871,0.4060465094718066
387,0.9962121212121212,0.011626813559783528,0.9068181850693443,0.4813188048926267
388,0.9967171717171717,0.00928093515985617,0.9295454567128961,0.40168429884043605
389,0.996464647187127,0.010984064042191915,0.831818180734461,0.8875654361464761
390,0.9939393944210476,0.018319522356144105,0.8613636341961948,0.6893257504159754
391,0.9919191919191919,0.019340784156299903,0.7909090876579284,1.0440260345285588
392,0.9939393939393939,0.01441458881352887,0.8113636374473572,0.8282192154364152
393,0.9946969696969697,0.013606983693222505,0.9068181850693443,0.41622234880924225
394,0.996969696969697,0.009919846810475745,0.8909090887416493,0.5511575693433935
395,0.9992424242424243,0.005262902527671269,0.881818180734461,0.5782161051576787
396,0.997979797979798,0.00582459994692901,0.8977272694761103,0.49413251253691587
397,0.9987373737373737,0.004698471196767206,0.8977272759784352,0.5408786922693253
398,0.9984848484848485,0.0060355295761102675,0.8954545487057078,0.4993478216908195
399,0.9987373737373737,0.004526269155545066,0.9159090941602533,0.4491529174826362
400,0.9987373737373737,0.004074355144632246,0.8909090930765325,0.5600040449337526
401,0.9997474747474747,0.003013408842268447,0.8931818214329806,0.5179754165085879
402,0.998989898989899,0.003103622251585352,0.904545457796617,0.46791444908488883
403,0.9989898992307258,0.003752907132729888,0.9204545476219871,0.3774231874129989
404,0.9992424242424243,0.0031010154036174744,0.9204545476219871,0.39280664372173224
405,0.9987373737373737,0.0034936042793560773,0.9340909101746299,0.32382795665074476
406,0.9987373737373737,0.003488694851267895,0.9431818181818182,0.2633020896125923
407,0.9984848484848485,0.005413584542670052,0.8954545476219871,0.5666385515169664
408,0.998989898989899,0.003724506799357407,0.8818181850693443,0.690795331380584
409,0.9992424242424243,0.00307345113415986,0.8681818160143766,0.6609128464352001
410,0.9982323232323232,0.006953712983640155,0.8977272748947144,0.5367549289356578
411,0.99823232347315,0.0061472796581008215,0.8931818203492599,0.6028210642662916
412,0.997979797979798,0.006982774428571715,0.8772727240215649,0.6361889950253746
413,0.9984848484848485,0.004918960297969405,0.8613636352799156,0.7399401236664165
414,0.9992424242424243,0.0033913942694786298,0.9000000032511625,0.5393480588089336
415,0.998989898989899,0.003799108241336665,0.8840909123420715,0.621971866759387
416,0.9997474747474747,0.0031358065437572546,0.8977272748947144,0.5355823021043431
417,0.9992424242424243,0.002370444495193284,0.9000000021674416,0.5043282281268727
418,0.9997474747474747,0.0015244397007850837,0.8954545476219871,0.5627855024554512
419,0.9994949494949495,0.001455219270840212,0.9000000021674416,0.5544695970686999
420,1.0,0.001702729092600445,0.9022727294401689,0.5341888934373855
421,1.0,0.0016690196918036713,0.8818181850693443,0.7488119629296389
422,0.9992424242424243,0.0023711825379951284,0.9000000021674416,0.557529696280306
423,0.9994949494949495,0.002785950144188422,0.879545457796617,0.6357944258234718
424,0.9992424242424243,0.0031985372060326614,0.8840909112583507,0.6016592180187051
425,0.998989898989899,0.002700133390037926,0.8704545487057079,0.7123847208239815
426,0.9992424242424243,0.0026546226402819908,0.886363638531078,0.6307764332402837
427,0.9994949494949495,0.002115413313261186,0.8659090876579285,0.7396020271561362
428,0.998989898989899,0.003655769899628605,0.8909090941602533,0.44536309757015924
429,0.9992424242424243,0.0036815893828088062,0.911363638531078,0.4906002621759068
430,0.9992424242424243,0.0028353196074903915,0.886363638531078,0.6267449509013783
431,0.9997474747474747,0.002525686812610601,0.9136363647200845,0.45704513923688367
432,0.9992424242424243,0.002596356973964533,0.911363638531078,0.4753035763447935
433,0.998989898989899,0.003238277564370873,0.8863636396147988,0.6347183539108796
434,0.9994949494949495,0.00250725578258021,0.8909090941602533,0.602162701162425
435,1.0,0.0018270922954090768,0.8977272748947144,0.5842665089802308
436,0.998989898989899,0.0027247484662861685,0.9340909112583508,0.37715447490865533
437,0.9994949494949495,0.0016102049417436274,0.8886363658038052,0.6708482837135141
438,0.9992424242424243,0.0030227384351269163,0.90909091017463,0.5081847274845297
439,0.997979797979798,0.0044214263066856396,0.9022727305238897,0.4718349275263873
440,0.9992424242424243,0.004517389559586805,0.9181818203492598,0.4039891868829727
441,0.9997474747474747,0.001594411088929822,0.8954545487057078,0.6009298533201217
442,0.9994949494949495,0.0028439338039136443,0.8909090876579284,0.6106182973493229
443,0.9987373737373737,0.0035519983614747874,0.9045454567128962,0.5401040871034969
444,0.998989898989899,0.003558041812438104,0.870454542203383,0.6290915995836258
445,0.9997474747474747,0.0024870876791108533,0.8727272759784351,0.715443382750858
446,0.998989898989899,0.0034567690699013193,0.9068181850693443,0.41605786897919395
447,0.9987373737373737,0.005083640787757538,0.8613636341961948,0.6987020075321198
448,0.9989898992307258,0.004686378913395332,0.9204545476219871,0.4226543041792783
449,0.9977272729680996,0.005667776119603653,0.9431818203492598,0.2957577607848427
450,0.9967171717171717,0.008946423469501726,0.8500000021674416,0.8142511264844374
451,0.9954545454545455,0.012499383599920706,0.7522727283564481,1.2965293981812216
452,0.9964646464646465,0.009370452566354564,0.8681818149306557,0.7163654349066995
453,0.996969696969697,0.006609229702558933,0.9159090919928117,0.3482841163873672
454,0.9959595964412497,0.009921183209452364,0.8318181818181818,0.9423036407340657
455,0.9972222222222222,0.009511499742347032,0.9272727294401689,0.32749442024664444
456,0.9959595959595959,0.013400961188693541,0.9159090930765326,0.39312253052538093
457,0.9946969699377965,0.0135361493969656,0.8295454545454546,0.8839412797581065
458,0.9964646464646465,0.008273956302854449,0.9204545476219871,0.4061657211997292
459,0.9987373737373737,0.00480725662853343,0.8613636341961948,0.8116374974901026
460,0.9987373737373737,0.003887520007720932,0.9000000021674416,0.5614731260321357
461,0.9994949494949495,0.0028155587053848336,0.8840909058397467,0.6643114431337876
462,0.9984848484848485,0.00466486501173502,0.8909090930765325,0.6280622368509119
463,0.998989898989899,0.00393721157781347,0.9136363658038053,0.4054279237985611
464,0.9982323232323232,0.0057770998318293935,0.8840909123420715,0.5580125830390237
465,0.9982323232323232,0.004155506029480485,0.8977272759784352,0.5259182640097358
466,0.9992424242424243,0.003911883770864494,0.8659090876579285,0.7707103875550356
467,0.997979797979798,0.006126991899524147,0.8795454512942921,0.6536367660219019
468,0.9984848484848485,0.003279731824354391,0.9250000021674416,0.391868547688831
469,0.9977272732089264,0.005745105553568915,0.9136363658038053,0.4885774639519778
470,0.9984848484848485,0.0065750126646963334,0.8977272759784352,0.5159655803983861
471,0.9977272729680996,0.007871492698111318,0.886363638531078,0.6050028064034202
472,0.9982323232323232,0.005936908519666905,0.8750000021674417,0.6009194322607734
473,0.9992424242424243,0.003254603356772074,0.8909090941602533,0.633250716328621
474,0.9992424242424243,0.0023546807751332346,0.9181818203492598,0.42962454151023516
475,0.9997474747474747,0.002571022942793941,0.886363638531078,0.6082840743389997
476,0.998989898989899,0.002610697831036617,0.9045454567128962,0.5544389226219871
477,0.9997474747474747,0.0014423987410746213,0.9022727294401689,0.5344559859145771
478,0.998989898989899,0.0028460122619031205,0.8909090941602533,0.5176690388809551
479,0.9974747474747475,0.0073691662142260205,0.8704545487057079,0.709925007278269
480,0.997979797979798,0.005768533566533917,0.8727272705598311,0.6954934038899162
481,0.9987373737373737,0.003617165044462779,0.8977272694761103,0.5548271404071288
482,0.998989898989899,0.0034479108841318374,0.9204545476219871,0.4209661201997237
483,0.998989898989899,0.0033416145135450994,0.8840909123420715,0.6717632380398837
484,0.998989898989899,0.0037835238641951083,0.9159090930765326,0.41777668703686105
485,0.9994949497357764,0.0031170438918651957,0.904545457796617,0.5158937857909636
486,0.998989898989899,0.002684486317542391,0.8749999978325583,0.6019266621633009
487,0.9994949494949495,0.002862280246923969,0.8772727240215649,0.5776944688775323
488,0.9987373737373737,0.0034755509918216955,0.9250000021674416,0.3553725800730965
489,0.9992424242424243,0.00286328184595943,0.8954545476219871,0.5633917729962956
490,0.9992424242424243,0.002612051206189349,0.9090909112583507,0.4864686031233181
491,0.9994949494949495,0.0022387622500478167,0.9022727294401689,0.48613930100744424
492,0.9994949494949495,0.002084236150146509,0.8909090941602533,0.5600987651131369
493,0.9997474747474747,0.0015319749394124796,0.8840909123420715,0.6054961865598505
494,0.9997474747474747,0.0014416499209773698,0.8977272759784352,0.595784785530784
495,1.0,0.0010728377555767451,0.8863636396147988,0.6315273219888861
496,1.0,0.0006900322701161106,0.8727272759784351,0.6980350445617329
497,0.9997474747474747,0.001049801714205644,0.8954545476219871,0.5598093311895024
498,1.0,0.0005183483396787338,0.9000000021674416,0.5120033806020563
499,0.9997474747474747,0.001844327314110059,0.911363638531078,0.4344645565206354
500,0.9994949494949495,0.0019715013608073042,0.9159090930765326,0.3973647207021713
501,0.9994949494949495,0.002107639934378441,0.9045454567128962,0.4835837507789785
502,0.9997474747474747,0.0019209923316734006,0.8750000032511625,0.6982676576484333
503,1.0,0.001106932166742744,0.8659090941602533,0.7230199066075411
504,0.9997474747474747,0.0016835010781028129,0.8818181850693443,0.7241800646890294
505,0.9997474747474747,0.0013545078665225042,0.9000000021674416,0.5712177366018295
506,0.9994949494949495,0.0013156500750666983,0.8909090930765325,0.5671325076710094
507,0.9992424242424243,0.0019878377872777895,0.9068181839856234,0.5163225157694383
508,0.9997474747474747,0.0009060480104785205,0.9045454567128962,0.5833268707448785
509,0.9997474747474747,0.001208553063292809,0.8795454567128962,0.6572524479844354
510,0.9992424242424243,0.0015172219995733803,0.9159090930765326,0.4149954921819947
511,0.9994949494949495,0.0010952590072217086,0.8954545476219871,0.5539586679501967
512,1.0,0.000754734511781752,0.8772727294401689,0.6442138363014568
513,1.0,0.0008819292460549435,0.8681818214329806,0.687709395181049
514,1.0,0.0009539742823843044,0.8909090930765325,0.6280874409458854
515,1.0,0.0007439732765590753,0.8840909112583507,0.6566494575955651
516,1.0,0.0011278170267957253,0.8977272748947144,0.4664204388856888
517,0.9997474747474747,0.0016725599197811927,0.9340909112583508,0.30938015566630794
518,0.9997474747474747,0.0011756230090424946,0.8818181850693443,0.6394643970511177
519,0.9997474747474747,0.0010090351128254575,0.8886363658038052,0.6306883438067002
520,0.9987373737373737,0.003058246514204927,0.8454545487057079,0.8094063146547837
521,0.996969696969697,0.0073390323433535866,0.8613636396147988,0.8041745911944996
522,0.9974747474747475,0.00903843539153141,0.879545457796617,0.6246111143719066
523,0.9967171717171717,0.009267834187344169,0.9068181850693443,0.4182803265073083
524,0.9954545454545455,0.013175260287831829,0.8590909069234675,0.7993027080189098
525,0.9931818184226451,0.0165819280282265,0.8545454534617337,0.7105737686157226
526,0.9964646464646465,0.01238850485439403,0.9204545487057079,0.4480339589444074
527,0.998989898989899,0.004236350005088054,0.9000000021674416,0.5512528468262066
528,0.9977272727272727,0.006255197900845998,0.9022727240215648,0.6405726860870015
529,0.9972222229447028,0.006576363573020155,0.9250000021674416,0.423366165432063
530,0.9972222222222222,0.007513814818377446,0.8454545454545455,0.8879827900366349
531,0.996212121452948,0.008910013016576719,0.8818181785670194,0.7187419978055087
532,0.9974747474747475,0.007464276173979872,0.9068181850693443,0.45560027902776545
533,0.9972222222222222,0.008015528100194654,0.8590909090909091,0.6931397291747007
534,0.9957070709478976,0.009822247851865761,0.904545457796617,0.5351480456915769
535,0.997979797979798,0.007273185859914079,0.8772727240215649,0.7135499103502794
536,0.9977272727272727,0.0063140998636795715,0.9204545476219871,0.4480550233613361
537,0.9954545454545455,0.010908241398783044,0.8863636396147988,0.6526489316062494
538,0.9964646464646465,0.012514904103796892,0.8636363625526429,0.6792261345819993
539,0.9964646464646465,0.010715244610728038,0.8863636341961947,0.5515191159465096
540,0.9992424242424243,0.004299281164063046,0.8704545443708246,0.724648735739968
541,0.997222222463049,0.005179386971650099,0.8954545487057078,0.5263115097175944
542,0.9977272727272727,0.005814964617743636,0.8931818214329806,0.5537275490435687
543,0.998989898989899,0.0032317968671012557,0.8954545487057078,0.5440554280172695
544,0.9997474747474747,0.0022349203499316267,0.9000000021674416,0.5760327257893302
545,0.9987373737373737,0.005067700008635946,0.8954545476219871,0.48342681418765676
546,0.9994949494949495,0.0027475415997094276,0.9000000021674416,0.46232411021536046
547,0.9992424242424243,0.003584243217953528,0.8863636396147988,0.6633054733276367
548,0.9984848487256753,0.0038683787627954674,0.8931818203492599,0.5461820420893756
549,0.998989898989899,0.0029224386713890865,0.9022727305238897,0.5407610175284472
550,0.9987373737373737,0.003678568405089806,0.8886363668875261,0.607815971699628
551,0.9992424242424243,0.0022743922104409924,0.8795454567128962,0.754006736386906
552,0.9994949494949495,0.0023956240048970687,0.8750000032511625,0.7770392721349543
553,0.9987373737373737,0.002645135459294919,0.8909090930765325,0.6182564478028905
554,0.9994949494949495,0.0027321817800214495,0.886363638531078,0.6007741884751754
555,0.9997474747474747,0.001579583503160099,0.8818181850693443,0.6635453389449553
556,0.9994949494949495,0.0021157241196517428,0.9090909123420715,0.496414041519165
557,0.9992424242424243,0.0023319001217852486,0.9068181839856234,0.5838001186197455
558,0.9994949494949495,0.0025646452547399084,0.8909090930765325,0.6725463059815493
559,0.9997474747474747,0.0015018797964045797,0.9045454567128962,0.5275534158403223
560,0.9982323232323232,0.005244667730011949,0.8795454512942921,0.6682530928741802
561,0.9987373737373737,0.003191235728768839,0.9045454567128962,0.5676438030871478
562,0.998989898989899,0.005168175905933509,0.8977272748947144,0.5317492078651082
563,0.9977272727272727,0.006542867325326296,0.8931818214329806,0.5571440100669861
564,0.9977272729680996,0.005415287936068695,0.8749999978325583,0.7389931814237074
565,0.9992424242424243,0.0032267432117768836,0.8977272694761103,0.604427966746417
566,0.9982323232323232,0.0038232656256613237,0.8886363668875261,0.6063434384085915
567,0.9982323232323232,0.004231271708520562,0.9136363658038053,0.5412742912769317
568,0.9984848484848485,0.0031132591265074982,0.9181818214329807,0.4430673737417568
569,0.998989898989899,0.0031106637024104294,0.8749999978325583,0.6958515286445618
570,0.997979797979798,0.005786929176673481,0.9227272748947144,0.37399014261635866
571,0.9989898992307258,0.004576730082808721,0.9068181839856234,0.5039050264792009
572,0.9987373737373737,0.003646041187128485,0.9068181839856234,0.6056970742615786
573,0.998989898989899,0.00274114965066088,0.8840909123420715,0.6948931916193528
574,1.0,0.0016371307598257606,0.9022727294401689,0.6763137741522356
575,0.9997474747474747,0.0012287961601307898,0.8886363658038052,0.6986086747863076
576,0.9987373737373737,0.0029246871270276983,0.8818181850693443,0.746319396387447
577,0.9992424242424243,0.002182199853011454,0.8727272694761102,0.7296270657669414
578,0.9987373737373737,0.004160433161987293,0.8977272759784352,0.6542998173020103
579,0.998989898989899,0.005218422106547149,0.8909090887416493,0.7098613961176439
580,0.9987373737373737,0.0038069374569470646,0.8840909058397467,0.7249728647145358
581,0.9997474747474747,0.0022453773047097707,0.904545457796617,0.6041439110582525
582,0.9992424242424243,0.002226084002030242,0.8931818214329806,0.6382535165006464
583,0.998989898989899,0.00305998479662877,0.8886363603852012,0.7821442181413824
584,0.9992424242424243,0.0023762569548750317,0.9045454567128962,0.6284070990302346
585,0.9992424244832511,0.0023173216713893445,0.8954545487057078,0.6417577282948927
586,0.9992424244832511,0.0029463922101628,0.8840909058397467,0.7489031396128915
587,0.9992424242424243,0.002422491734732187,0.8931818149306557,0.5973709155212749
588,0.9992424244832511,0.0028372420040382582,0.9204545476219871,0.4448540375991301
589,0.9977272727272727,0.005556057838516103,0.9136363658038053,0.42498142475431616
590,0.9979797982206249,0.004887055418444703,0.879545457796617,0.6440920642831108
591,0.9992424242424243,0.0029850818931755393,0.8886363603852012,0.5882622496648269
592,0.9992424242424243,0.003756547382929259,0.8795454534617337,0.7332780415361578
593,0.9982323232323232,0.004618668566855386,0.904545457796617,0.5785898094827479
594,0.9974747474747475,0.006595471344718879,0.9272727283564481,0.39100110205737026
595,0.9987373737373737,0.0035874273987825623,0.8886363668875261,0.681735078313134
596,0.9992424242424243,0.0027521132034099088,0.8318181818181818,1.054187058318745
597,0.998989898989899,0.0039557128500268615,0.8886363668875261,0.6606007771058516
598,0.9974747474747475,0.006796059919746988,0.9000000032511625,0.5222967876629396
599,0.9977272729680996,0.005634980798332077,0.913636366887526,0.41500372791832146
600,0.9967171717171717,0.008306952171095863,0.8295454556291754,0.993150322003798
601,0.997979797979798,0.006268012343383761,0.911363638531078,0.5263665532523936
602,0.9982323232323232,0.004888110956167708,0.8977272759784352,0.5884490365331824
603,0.9982323232323232,0.005813814988924247,0.8772727251052856,0.7911578704010357
604,0.9964646464646465,0.009122726786176137,0.8931818214329806,0.6765770267356526
605,0.9974747474747475,0.007189477492838797,0.9136363658038053,0.4791466875509782
606,0.9982323232323232,0.004253940236745308,0.8749999978325583,0.7174108066342094
607,0.9979797982206249,0.005295003205537796,0.8318181818181818,1.0702121767130766
608,0.9982323232323232,0.005175841332535551,0.9113636396147988,0.526518558643081
609,0.9974747474747475,0.005964463339610533,0.8818181850693443,0.7060362344438379
610,0.9984848484848485,0.004623829092679903,0.9068181839856234,0.5371502860025926
611,0.9962121212121212,0.009945416127830141,0.8659090898253701,0.7614171011881394
612,0.9957070709478976,0.011992938524921132,0.9068181850693443,0.4676636256954887
613,0.996969696969697,0.007444788541908216,0.8931818214329806,0.5343822208317843
614,0.9987373737373737,0.004541184098431558,0.9113636396147988,0.43224503750150856
615,0.998989898989899,0.002673045479259783,0.856818180734461,0.8054687630046498
616,0.9987373737373737,0.003285723070571707,0.8613636341961948,0.8121040078726682
617,0.9994949494949495,0.0038348023558618747,0.879545457796617,0.7347355316985738
618,0.998989898989899,0.002941294359819343,0.9068181839856234,0.5048277058384635
619,0.9987373737373737,0.0034758317514764843,0.8977272748947144,0.5843680278821425
620,0.998989898989899,0.004270415272883544,0.8909090930765325,0.5983992302959615
621,0.9982323232323232,0.004136360157045978,0.8954545476219871,0.5533263117074967
622,0.9987373737373737,0.002748996136543068,0.8886363658038052,0.6995277962901375
623,0.9997474747474747,0.001808843265917867,0.8886363658038052,0.6527330100536346
624,0.9994949494949495,0.0016999821177439182,0.9045454567128962,0.5431414913047444
625,1.0,0.0010035221910602743,0.9136363658038053,0.5111524920571934
626,0.9987373737373737,0.0026779330069507295,0.8931818203492599,0.6825079335407778
627,0.998989898989899,0.0033448425914170314,0.9000000032511625,0.48695619377222926
628,0.9992424242424243,0.002317373147981025,0.9068181839856234,0.47433916926383973
629,0.9994949494949495,0.0018038232147580746,0.8977272748947144,0.6251574348319661
630,0.9992424242424243,0.001903745424675031,0.8931818203492599,0.7014983104033904
631,0.997979797979798,0.005687290308185655,0.886363638531078,0.7050531449643048
632,0.9974747474747475,0.007136893746998123,0.9045454567128962,0.45650156045501883
633,0.9984848484848485,0.004456844851562772,0.8750000021674417,0.6831424304030158
634,0.9987373737373737,0.003263389455587274,0.9000000021674416,0.5750076394189488
635,0.9987373739782006,0.004784753241322257,0.9000000021674416,0.5746051295237108
636,0.997222222463049,0.008341131190948113,0.9045454567128962,0.5503051868893883
637,0.997979797979798,0.005785122506245218,0.9181818203492598,0.4963820172981782
638,0.998989898989899,0.005345799546098487,0.8727272694761102,0.6903393870050257
639,0.9984848484848485,0.0037145202499673222,0.886363638531078,0.6811050610108809
640,0.9982323232323232,0.004846862505008984,0.9068181839856234,0.5475450792095878
641,0.9994949494949495,0.0027909341578682264,0.8909090930765325,0.6507913773710078
642,0.9987373737373737,0.0041970836097431005,0.879545457796617,0.8147765083746477
643,0.9992424242424243,0.002622061228436051,0.8659090876579285,0.9425447041338141
644,0.9994949494949495,0.0013704774056965804,0.8840909112583507,0.8055771361697804
645,0.9994949494949495,0.0019668586045324876,0.9068181839856234,0.5823977527293291
646,0.9997474747474747,0.001587805259204646,0.8840909123420715,0.7435606420040131
647,0.9994949494949495,0.0021406493731186433,0.8750000032511625,0.7777219008315693
648,0.9994949494949495,0.0019103661169547286,0.9045454567128962,0.5970555432818153
649,0.9994949494949495,0.0018905264424804522,0.9090909112583507,0.5557484195990996
650,0.9997474747474747,0.0010104823697621775,0.9000000021674416,0.5949559501626275
651,1.0,0.0013811577179685536,0.8840909112583507,0.6791119900616732
652,0.9997474747474747,0.0011247049646706067,0.8977272748947144,0.6306224042719061
653,0.9994949494949495,0.0014361147553309554,0.8863636396147988,0.7695774430578405
654,0.9997474747474747,0.001535795031969713,0.8704545432871038,0.8982445169578899
655,0.9992424242424243,0.0018473750460102703,0.879545457796617,0.8478231852704828
656,0.998989898989899,0.003421052021851688,0.8909090941602533,0.6284775522622195
657,0.9992424244832511,0.0027806338341436303,0.8931818214329806,0.6887602280486714
658,0.9982323232323232,0.004372945163284917,0.9227272748947144,0.40406173792752353
659,0.9982323232323232,0.004059506791868397,0.8954545487057078,0.5719530620358207
660,0.997979797979798,0.0054954512060074266,0.8727272705598311,0.773870712518692
661,0.9977272727272727,0.006826818630927139,0.9272727294401689,0.38293594460595737
662,0.9992424242424243,0.004202886500555759,0.8931818203492599,0.5536756943572652
663,0.9987373737373737,0.002751364275540291,0.8613636331124739,0.8539652488448403
664,0.9987373737373737,0.0030214036526769925,0.8818181785670194,0.7470241332595998
665,0.9997474747474747,0.0015707926945219925,0.9000000021674416,0.6728948915546591
666,0.9994949494949495,0.0019234915014547166,0.911363638531078,0.5868173439394344
667,0.9994949494949495,0.0015480754411934564,0.8999999967488376,0.6222655811093071
668,0.9992424242424243,0.003246502906102875,0.895454542203383,0.5987658094276082
669,0.998989898989899,0.002696939989115403,0.9022727294401689,0.5592145497148687
670,0.9992424242424243,0.002979607062327271,0.8772727240215649,0.7118333756923676
671,0.9987373737373737,0.0035163386909507514,0.8681818160143766,0.7750186947259036
672,0.9987373739782006,0.0027087637016342744,0.8590909058397467,0.8744995019652627
673,0.9992424242424243,0.0019913990967765902,0.8590909058397467,0.8693443553014235
674,0.999242424724078,0.002453249125421574,0.879545452378013,0.7230106088248166
675,0.9987373737373737,0.0024447453185925355,0.9068181839856234,0.5815028843554584
676,0.9987373737373737,0.003535463585256072,0.9000000021674416,0.6358741700649262
677,0.9992424242424243,0.002857467736531463,0.8772727294401689,0.7877641970461066
678,0.9989898992307258,0.002839828316931321,0.8545454523780129,0.9650945419614966
679,0.9994949494949495,0.003218490391442872,0.8863636396147988,0.7718892444263805
680,0.9992424242424243,0.0024729574085072133,0.8727272705598311,0.8067923215302554
681,0.9992424242424243,0.002083318303703716,0.8818181850693443,0.7925709453496066
682,0.9987373737373737,0.003315799877593162,0.8727272694761102,0.721122900464318
683,0.9987373737373737,0.0043663595483233834,0.9136363658038053,0.4452225083654577
684,0.9992424242424243,0.0027261827530273507,0.8931818214329806,0.6346512523564425
685,0.9994949494949495,0.001488848046559577,0.911363638531078,0.48492709425362673
686,0.9987373739782006,0.0031489470912463434,0.8886363668875261,0.7385652157393369
687,0.9997474747474747,0.0008137793637661621,0.870454542203383,0.8475928349928422
688,1.0,0.0008949058851217757,0.8818181850693443,0.8159744614904577
689,0.9997474747474747,0.000949100114997815,0.8840909123420715,0.7275782054120844
690,0.9997474747474747,0.0009412460023833608,0.9090909112583507,0.5621240258216857
691,0.9994949494949495,0.0014172394234908162,0.9090909112583507,0.5335587306456132
692,0.9994949494949495,0.0011889320817032847,0.8931818203492599,0.7473968121138486
693,0.9994949494949495,0.0014475939066309219,0.9068181839856234,0.5889040762727911
694,0.9997474747474747,0.00162307228726944,0.8886363668875261,0.7672654617916453
695,0.9994949494949495,0.0026235133487110336,0.9045454567128962,0.6021949675950137
696,0.9994949494949495,0.0017278078529569837,0.870454547621987,0.8434576256708666
697,0.9992424242424243,0.0020232163070973874,0.9022727294401689,0.5591848714785143
698,1.0,0.0011612232735029521,0.8977272748947144,0.6309735596179962
699,0.9997474747474747,0.0011118880197913809,0.8931818203492599,0.6623359192501415
700,0.9992424242424243,0.00205730769225876,0.8977272759784352,0.5744482817974957
701,0.9994949494949495,0.0019580867727089562,0.8840909123420715,0.6891669975085692
702,0.9994949494949495,0.0020386487508964055,0.8909090930765325,0.6444273471832276
703,0.9987373737373737,0.002551379087651525,0.8568181796507401,0.8491519770838998
704,0.9994949494949495,0.0019414751145476006,0.9000000021674416,0.5752874439412897
705,0.998989898989899,0.002934998086115082,0.8954545476219871,0.633268029852347
706,0.9994949494949495,0.0028780789466720602,0.911363638531078,0.5447725463997234
707,0.9992424242424243,0.0017836833744888391,0.9000000021674416,0.6765359575098211
708,0.9994949494949495,0.0019741885045971345,0.9045454567128962,0.6057651005008003
709,0.9984848484848485,0.003292863815082143,0.9068181839856234,0.6047977303916757
710,0.99823232347315,0.0036856534599204256,0.8659090941602533,0.8042728825048967
711,0.9992424242424243,0.003232400326265229,0.8727272748947144,0.785690144517205
712,0.9989898997123795,0.002818083970788678,0.8954545487057078,0.6632831871509552
713,0.9987373737373737,0.00383906222525937,0.8590909123420716,0.8898206223141063
714,0.9992424242424243,0.004179377829411415,0.8818181839856234,0.6936717223037373
715,0.997979797979798,0.00574986123047167,0.8477272705598311,0.9178480424664237
716,0.9984848484848485,0.0042600867347885865,0.8909090941602533,0.7475613680752841
717,0.9982323232323232,0.005081045783284788,0.8863636341961947,0.5842726777900349
718,0.9984848484848485,0.005837435628266328,0.911363638531078,0.5804759656841104
719,0.9994949494949495,0.0016036257709287145,0.8977272748947144,0.6714622226628391
720,0.9977272727272727,0.005579475039790262,0.8886363668875261,0.6480987852269953
721,0.997979797979798,0.0059157694786354294,0.9022727305238897,0.6094039050015536
722,0.998989898989899,0.0035939930698298144,0.9136363658038053,0.5226491684263402
723,0.9977272727272727,0.005165586937595197,0.9181818203492598,0.4675526971166784
724,0.9977272729680996,0.004342638327730726,0.9090909112583507,0.5602434979243712
725,0.9997474747474747,0.0019331092774548164,0.8977272748947144,0.637450602108782
726,0.9997474747474747,0.002050643736194358,0.9000000021674416,0.6109824565323916
727,0.9992424242424243,0.002807812910818617,0.9090909112583507,0.60055623867295
728,0.9982323232323232,0.003244300798226073,0.8840909112583507,0.8243548680435527
729,0.9997474749883016,0.0015947232568504835,0.886363638531078,0.7132155337116936
730,0.9989898992307258,0.002424491164885988,0.8818181839856234,0.8056117876009508
731,0.9984848487256753,0.003732176563900077,0.9000000032511625,0.7005351223728874
732,0.9977272727272727,0.006565919031172689,0.911363638531078,0.4847408123991706
733,0.998989898989899,0.003992730877691447,0.8840909123420715,0.6968623757362366
734,0.9984848484848485,0.003914876927673403,0.8863636331124739,0.7175224271687595
735,0.9987373737373737,0.004959585545396414,0.911363638531078,0.5660442406480962
736,0.9984848484848485,0.0051190400547865365,0.9022727294401689,0.5922590163621035
737,0.9972222222222222,0.007356622087477584,0.8954545487057078,0.6255451175299558
738,0.9974747474747475,0.0050269937749500525,0.8363636352799155,1.0965728987346997
739,0.9977272729680996,0.006192228149133499,0.9250000032511625,0.41377794363281944
740,0.9977272727272727,0.00702887267871487,0.8363636341961947,1.1583175366575067
741,0.9977272727272727,0.004974234081578977,0.8772727305238898,0.7186977790160612
742,0.9989898992307258,0.004148016362498053,0.8795454567128962,0.6903643377802589
743,0.9987373739782006,0.004373036288759775,0.8818181785670194,0.7395841603929346
744,0.997979797979798,0.0043601356084562014,0.8772727240215649,0.8103122635321184
745,0.9969696972105239,0.009216520678948122,0.904545457796617,0.6284313640811227
746,0.9974747477155743,0.00674138165953936,0.8704545432871038,0.8150261011990634
747,0.997979797979798,0.006048753501428762,0.9000000021674416,0.622879035635428
748,0.9977272727272727,0.005456834745057153,0.8499999978325584,0.9752629718997262
749,0.997222222463049,0.0071647449236626574,0.8840909058397467,0.7357691819017583
750,0.9977272727272727,0.005600682664468574,0.8363636374473572,1.1780134428631175
751,0.9984848484848485,0.004743311054665934,0.9227272748947144,0.4963248930194161
752,0.9982323232323232,0.005054042326766208,0.8636363668875261,0.7876811677759344
753,0.9984848484848485,0.004184781297138243,0.8363636341961947,1.106318834694949
754,0.9992424242424243,0.004249738994750636,0.9022727294401689,0.6242945085872303
755,0.9984848484848485,0.0038132912968520563,0.9045454567128962,0.5883766786618666
756,0.998989898989899,0.003262091170281473,0.9000000021674416,0.5916414954445579
757,0.9992424242424243,0.0032096401103913334,0.8818181839856234,0.7147850302132693
758,0.998989898989899,0.003896809641666936,0.8818181839856234,0.7537400606003675
759,0.9987373737373737,0.002567384267030954,0.8840909123420715,0.8247583914886821
760,1.0,0.0008400068974658621,0.8954545476219871,0.702695803750645
761,0.9992424242424243,0.0020086551480221026,0.8886363658038052,0.6871521711349488
762,0.9984848484848485,0.003632035906599468,0.8545454523780129,0.9930821088227358
763,0.9997474747474747,0.0011222983689301393,0.8772727294401689,0.7896053606813604
764,0.9994949494949495,0.001284927722037831,0.8727272748947144,0.8066715776920319
765,0.9997474747474747,0.001893364449944159,0.8772727305238898,0.7180302527817812
766,0.9997474747474747,0.0017595100627842857,0.8727272759784351,0.7275840856812217
767,0.9992424242424243,0.0016346297360900226,0.8886363658038052,0.6984911880709909
768,1.0,0.0013120204965217095,0.8931818203492599,0.7406904811208899
769,0.9997474749883016,0.00176416980267286,0.9022727294401689,0.6912318560210141
770,0.9992424242424243,0.0018285626607871793,0.9272727294401689,0.436974513259801
771,0.9997474747474747,0.0018514728870929567,0.9045454567128962,0.6541390549052846
772,1.0,0.0011717314272949935,0.886363638531078,0.8018800898031755
773,0.9984848484848485,0.004731312400198099,0.9159090930765326,0.4972077889875932
774,0.9979797982206249,0.0040437859036216535,0.8977272748947144,0.5593165804039348
775,0.9987373739782006,0.0033137596013598294,0.8909090930765325,0.5798030706969175
776,0.9992424242424243,0.003405276836940285,0.8954545476219871,0.6623722471974113
777,0.9977272727272727,0.007610395899268262,0.8681818170980974,0.7815386669202284
778,0.9964646464646465,0.00897818151367546,0.8795454512942921,0.7620547782291066
779,0.998989898989899,0.003830507595057957,0.8818181850693443,0.7093507690863176
780,0.9982323232323232,0.007221629568893048,0.886363638531078,0.6827859867702831
781,0.9984848484848485,0.004052184799549668,0.8477272727272728,1.0669951287182895
782,0.9984848484848485,0.0054207203385297845,0.8681818214329806,0.9092744518410075
783,0.997979797979798,0.004625924060008291,0.9045454567128962,0.6624684290452437
784,0.9997474747474747,0.0026900385167788377,0.8886363658038052,0.8613986269994216
785,0.998989898989899,0.003420506572383785,0.9136363658038053,0.5282271447506818
786,0.9987373737373737,0.00377499717693409,0.8909090941602533,0.626385620507327
787,0.9987373737373737,0.0029071335243343404,0.8886363668875261,0.6735131827267733
788,0.998989898989899,0.003530899979493985,0.8818181850693443,0.7216237569397146
789,0.9997474747474747,0.002277307271383552,0.8750000021674417,0.8086821588602933
790,0.9992424242424243,0.002355386913904563,0.8840909112583507,0.7199487355622378
791,0.9997474747474747,0.0013400469339250427,0.8727272748947144,0.737712976065549
792,0.9994949494949495,0.001995287631261174,0.8750000032511625,0.8758150138638237
793,0.9997474747474747,0.0013455282000123965,0.8659090876579285,0.8622004221786153
794,0.9994949494949495,0.0019510825912496357,0.8977272748947144,0.6304098958318883
795,1.0,0.0011431963555088545,0.8977272748947144,0.641056351499124
796,0.9994949494949495,0.001738982891247636,0.8818181850693443,0.7155142318118702
797,0.9994949494949495,0.0018709010707985874,0.8977272748947144,0.6162750035524368
798,0.9994949494949495,0.0023103035327912583,0.8659090876579285,0.8580957504835995
799,0.9997474747474747,0.0013437936215360434,0.8977272748947144,0.669058642062274
800,0.998989898989899,0.0023641101085017037,0.886363638531078,0.7908947516571392
801,0.997979797979798,0.005839083681466303,0.8840909112583507,0.7638963677666404
802,0.9997474747474747,0.0018108469168326318,0.8954545487057078,0.7426287491213192
803,0.998989898989899,0.002359703646013231,0.8636363668875261,0.8498339712619781
804,0.9992424242424243,0.0027120356933646506,0.8954545476219871,0.6811850713057952
805,0.9992424242424243,0.0025558876601574623,0.8977272748947144,0.693736978281628
806,0.9992424242424243,0.0026022586829529963,0.8454545443708247,1.0816437618298964
807,0.9992424242424243,0.0025425149958623063,0.9022727294401689,0.6349362628026443
808,0.9994949494949495,0.0013150840049910575,0.9000000021674416,0.6283436910672622
809,0.9997474747474747,0.001225906583090134,0.886363638531078,0.7415156499906019
810,0.9997474747474747,0.0009027726893581338,0.8818181796507402,0.8646644175052642
811,0.9997474747474747,0.0012047319329194395,0.8954545487057078,0.7234809187325564
812,0.9994949494949495,0.002435883246726742,0.8863636396147988,0.7600478502837095
813,0.9994949494949495,0.001592046336442552,0.8795454512942921,0.8032331786372445
814,0.9992424242424243,0.002212374687613449,0.8727272759784351,0.7902956399050626
815,0.9994949494949495,0.0015269678758958241,0.8681818214329806,0.801066153157841
816,0.9994949497357764,0.0015847383890150472,0.9000000021674416,0.6055351728742773
817,0.9992424242424243,0.0025981688718523153,0.8840909112583507,0.7243949174880981
818,0.9997474747474747,0.00117993505931497,0.9181818203492598,0.5088229745626449
819,0.9997474747474747,0.001518808832425022,0.9090909112583507,0.569425999305465
820,0.9997474747474747,0.0009077960791682467,0.8772727294401689,0.6728661572391337
821,0.9997474747474747,0.0009284203922060892,0.8750000032511625,0.746392079375007
822,1.0,0.000567278580568411,0.8954545476219871,0.6957623237913305
823,0.9997474747474747,0.0010893151327506685,0.9181818203492598,0.4874435302886096
824,0.9997474747474747,0.0007589872719807023,0.886363638531078,0.7452382865277204
825,0.998989898989899,0.0022178825859105063,0.8750000032511625,0.852683136138049
826,0.998989898989899,0.0022652696104334537,0.8727272759784351,0.9178804522210902
827,0.9994949494949495,0.001664489195205864,0.9000000021674416,0.6436095096848228
828,0.9987373737373737,0.003147963490431206,0.8886363603852012,0.6139335458928888
829,0.9982323232323232,0.003451228167419557,0.8795454567128962,0.7926305163990367
830,0.9977272727272727,0.007452685941737427,0.8477272716435519,0.7905928768894889
831,0.9974747474747475,0.006450019692625813,0.8681818160143766,0.8563795225186781
832,0.9987373737373737,0.0037516828887446813,0.8795454512942921,0.6977056725458666
833,0.998989898989899,0.0038360358206461173,0.8795454512942921,0.8150818564675071
834,0.9994949494949495,0.0018308249704370445,0.8613636352799156,1.017585603757338
835,0.9997474747474747,0.0015823594293312517,0.8772727294401689,0.9134715676307679
836,0.9997474747474747,0.0015938645160540638,0.8909090930765325,0.8026602089405059
837,0.9992424242424243,0.002179650513624603,0.9045454567128962,0.6045989269560034
838,0.9992424244832511,0.0014247293865091797,0.8840909112583507,0.7923705317757347
839,0.9994949494949495,0.0014660210953672615,0.8636363668875261,0.9758588574149392
840,0.9987373737373737,0.003349991402156049,0.911363638531078,0.5203756798397411
841,0.9992424242424243,0.0020734414545292355,0.8954545487057078,0.6476042763753371
842,0.9982323232323232,0.003589867902778541,0.8159090930765326,1.397842574119568
843,0.9982323232323232,0.00432014472928425,0.8909090941602533,0.6409376973455603
844,0.9982323232323232,0.004696033965570457,0.8750000032511625,0.912472251328555
845,0.997979797979798,0.0044792885751571655,0.8931818203492599,0.6691950554197484
846,0.998989898989899,0.003191684078274652,0.8772727305238898,0.8511792172085155
847,0.9992424242424243,0.002669527661760874,0.9045454567128962,0.6062963786450299
848,0.9992424242424243,0.0027289207420321277,0.8931818203492599,0.6519353462891145
849,0.9992424242424243,0.0023967823384369656,0.8909090930765325,0.7588672708381307
850,0.998989898989899,0.0029888115831500275,0.8636363668875261,0.9366308353163979
851,0.9984848487256753,0.003796601033125148,0.8818181850693443,0.8106815646995198
852,0.9992424242424243,0.002032846130190812,0.9136363658038053,0.5827673283490268
853,0.9997474747474747,0.0012580907199240168,0.9204545476219871,0.5787957944653251
854,1.0,0.0006398203145980722,0.9022727240215648,0.691901416128332
855,1.0,0.0007487589742687314,0.870454542203383,0.8864166682416742
856,0.9994949494949495,0.0011279483119994778,0.8931818214329806,0.7593312751163136
857,0.9994949494949495,0.001676586936663065,0.8568181785670194,1.0262261201034892
858,0.9997474747474747,0.0011914703619873358,0.8659090941602533,0.8911585433916612
859,0.9994949494949495,0.0012717600500286377,0.8704545487057079,0.9456479598175396
860,0.9994949494949495,0.0019118637514166591,0.8750000032511625,0.829277086799795
861,0.9992424242424243,0.0019919543480030216,0.9022727294401689,0.5812151171944359
862,0.9984848487256753,0.004815064533966396,0.8522727305238897,1.0279604489153082
863,0.9982323232323232,0.00401182539968027,0.8954545476219871,0.7011317572810433
864,0.9974747474747475,0.007769654964736541,0.9090909112583507,0.6205884272401984
865,0.9984848489665021,0.004198293975846033,0.863636361468922,1.0442795287479054
866,0.9982323232323232,0.004794584773128118,0.8795454512942921,0.7586617599834096
867,0.9992424242424243,0.00284539140876138,0.8886363668875261,0.703992593830282
868,0.9992424242424243,0.002582624361666879,0.8977272748947144,0.6440358004786751
869,0.9992424242424243,0.0029067565583520464,0.9159090930765326,0.47486497082493523
870,0.998989898989899,0.002343120476077522,0.8840909058397467,0.7390420713207938
871,0.9994949494949495,0.0016761362540883699,0.8840909058397467,0.7280197008089586
872,0.9994949494949495,0.001888761379307129,0.8909090876579284,0.7350330558690158
873,0.9997474749883016,0.0005935083397410133,0.9000000032511625,0.6281992348757657
874,0.9992424242424243,0.001405243401953185,0.9068181850693443,0.6192446979609403
875,0.9994949497357764,0.0009285061438497382,0.8909090941602533,0.7252816763791171
876,0.998989898989899,0.002786081741508708,0.9340909112583508,0.41175297742540184
877,0.9992424242424243,0.002020614433150522,0.9227272748947144,0.48905667689713567
878,0.9994949494949495,0.0024316671187989414,0.9000000021674416,0.6356895999474959
879,0.9987373737373737,0.003521358132635177,0.9045454567128962,0.5917708673260429
880,0.9992424242424243,0.0031913182951011365,0.9000000032511625,0.5837504779750651
881,0.998989898989899,0.0028828059471296993,0.8772727305238898,0.8500388080423529
882,0.9987373737373737,0.003568075124569463,0.8840909123420715,0.663918343999169
883,0.997979797979798,0.005290691274620423,0.8363636352799155,1.0875960783524947
884,0.9987373737373737,0.003994638645007849,0.8954545476219871,0.6494757703759454
885,0.99823232347315,0.004687722617844966,0.8772727240215649,0.7879785581068559
886,0.9992424242424243,0.002821472268363442,0.8863636396147988,0.6605406175960195
887,0.9994949494949495,0.001253653738813503,0.8954545476219871,0.6431016312404112
888,0.9984848484848485,0.003922213964849814,0.8681818149306557,0.8510765834288163
889,0.9987373737373737,0.00392439658577187,0.8795454567128962,0.8181029298088768
890,0.9984848484848485,0.0034743476172231814,0.8613636331124739,0.8748830383474177
891,0.998989898989899,0.0023592520952330563,0.8886363658038052,0.6848422543569045
892,0.9997474747474747,0.0018029087923074406,0.8750000021674417,0.7764682940461419
893,0.9997474747474747,0.0007858731656927954,0.886363638531078,0.7443122411316091
894,0.9994949497357764,0.0013412022055361908,0.8795454567128962,0.8107314868406816
895,0.9994949494949495,0.0013886546842651582,0.8704545487057079,0.9166563901034268
896,1.0,0.0012210139711951893,0.8727272705598311,0.7663279294967651
897,0.9997474747474747,0.0011800842737129918,0.8749999967488375,0.7920478400858966
898,0.9997474747474747,0.0014700064171608914,0.8659090876579285,0.877532956275073
899,0.9997474747474747,0.0007645304972421133,0.879545457796617,0.8549545396458019
900,0.9994949494949495,0.0011228629723123646,0.8772727305238898,0.8284634812311693
901,0.9994949494949495,0.001755880929542602,0.8704545487057079,0.9330578354271976
902,0.9994949494949495,0.0015115193500550407,0.8840909058397467,0.7884328414093364
903,0.9997474747474747,0.0009424767442102864,0.904545457796617,0.5871355265378952
904,0.9997474747474747,0.0012047634452535545,0.9000000032511625,0.6744167284532027
905,0.9992424244832511,0.0018677844595977793,0.8886363658038052,0.8052248811179942
906,0.9992424242424243,0.002179037732283251,0.8750000032511625,0.914387292211706
907,0.9997474747474747,0.0010052334827240416,0.8795454512942921,0.867774346741763
908,0.9994949494949495,0.0014987989762713285,0.8863636396147988,0.8495665680278431
909,1.0,0.0005605300838589865,0.8977272748947144,0.6949024392799897
910,1.0,0.0003368067310539761,0.9022727294401689,0.6541475190357728
911,0.9997474747474747,0.0011457595496198558,0.8977272748947144,0.704147718982263
912,1.0,0.0003858920878874323,0.9022727294401689,0.6557249378074299
913,0.9997474747474747,0.0006874547717002728,0.8977272748947144,0.7385095739906484
914,1.0,0.0006134062545665662,0.8886363603852012,0.8849281018430536
915,0.9997474747474747,0.00197460751861776,0.8977272759784352,0.7103630634871396
916,0.9994949494949495,0.0018366223652706002,0.9022727294401689,0.6659484795548699
917,1.0,0.0009382836450300841,0.8954545476219871,0.7790819371288473
918,0.9997474747474747,0.0009004984475346517,0.9000000021674416,0.7014781895008955
919,0.9994949494949495,0.0013877920981765857,0.886363638531078,0.7682650950821963
920,0.9997474747474747,0.0007779598304286901,0.9000000021674416,0.7316825996745716
921,0.9997474747474747,0.0008881910219159439,0.8954545476219871,0.7458611607551575
922,0.9992424242424243,0.001603954615594109,0.8704545432871038,0.8866253944960507
923,0.9992424242424243,0.001881006698951953,0.9045454567128962,0.6645686415108767
924,0.9997474747474747,0.0009484066966067967,0.9227272748947144,0.5099920364943418
925,0.9994949494949495,0.0014466111574996958,0.9090909112583507,0.6721554677594792
926,0.9994949494949495,0.001105678767569109,0.8886363658038052,0.7715594351291657
927,0.998989898989899,0.0032751468854845794,0.8954545476219871,0.5762469079006802
928,0.9969696972105239,0.00903916696046545,0.718181819265539,1.9405683062293313
929,0.9957070711887244,0.010613687830328039,0.8568181796507401,0.8393343968824907
930,0.996969696969697,0.008139162709480246,0.904545457796617,0.6761521472172304
931,0.9974747477155743,0.006638457962885649,0.9181818203492598,0.5273943985050374
932,0.9957070709478976,0.01007516244567479,0.9227272748947144,0.39410238631746985
933,0.9946969696969697,0.011145783517029927,0.8499999978325584,1.1148161308331923
934,0.996969696969697,0.01308074707760372,0.8909090876579284,0.6900726887312802
935,0.9982323232323232,0.004585730693478848,0.8749999978325583,0.8553986229679801
936,0.998989898989899,0.0032871868772399284,0.8613636331124739,0.9461303716356104
937,0.9984848484848485,0.0031842526316529876,0.8818181839856234,0.8132146981629458
938,0.9984848484848485,0.003368290225273196,0.8636363603852012,0.9141744321042841
939,0.9982323232323232,0.004479325927836312,0.8386363625526428,1.075187372077595
940,0.9977272727272727,0.005604935267051174,0.9113636374473572,0.5563776758584109
941,0.9992424242424243,0.004372708211156699,0.8818181796507402,0.7686442824927243
942,0.9989898992307258,0.0016484835389719316,0.8749999967488375,0.8185618774457412
943,1.0,0.000859819436851522,0.8909090941602533,0.7355579858476465
944,0.9987373739782006,0.0028969344654769607,0.8749999967488375,0.8719541625543075
945,0.9994949494949495,0.002005233095060432,0.8613636331124739,0.8839802698655562
946,0.9984848484848485,0.003735453356292588,0.85,1.0156840275634418
947,0.9992424242424243,0.00219035986202388,0.9000000032511625,0.6410767934539101
948,0.9994949494949495,0.0015882294900501335,0.9181818203492598,0.6100762949748473
949,0.9994949494949495,0.0014599840260508255,0.9000000021674416,0.6520537706938657
