epoch,acc,loss,val_acc,val_loss
0,0.5248281136705337,1.002695930863204,0.8054919922106326,0.49203667501563064
1,0.559714795130338,0.935993281535772,0.7986270018791443,0.4849249485973908
2,0.5986758343342276,0.8482150564462075,0.8077803235032193,0.45311899493433516
3,0.6205755029588005,0.806170168726202,0.7917620150939279,0.4671290194960972
4,0.6455309402557132,0.7560086385846169,0.7620137294315364,0.48511341275557773
5,0.6580086582818649,0.7499804725196485,0.752860414900005,0.5078956229735839
6,0.6763432642749955,0.7036808051922135,0.7826086933334577,0.4781543481540898
7,0.6536796539528607,0.7383079021250835,0.7940503463865145,0.44701596371641966
8,0.669213140074582,0.7148932561729894,0.8077803217300834,0.42649878933173296
9,0.6903488666828516,0.6720529954974391,0.8192219711004733,0.4153659864066667
10,0.6923860458432793,0.6638456052698067,0.8237986265931031,0.4084806464083953
11,0.7170868348401407,0.6363643885023089,0.8260869561125539,0.42087938474572223
12,0.7191240126041775,0.6194778884644117,0.8215102988467882,0.4313590436560066
13,0.7173414818196919,0.62432055141533,0.8146453102884358,0.4333805237263782
14,0.7267634330859523,0.6010039387570103,0.8192219693273374,0.4431497288923242
15,0.7280366687426167,0.5952500469331861,0.8237986265931031,0.43205448753228176
16,0.7308377892666869,0.5810450210139015,0.8306636133783196,0.4092909634386102
17,0.7382225623591,0.5824755776890793,0.8398169314561228,0.3941127597194515
18,0.743570155031298,0.5770084034221786,0.8535469140286304,0.3652329049339556
19,0.7402597400320678,0.5750164724895904,0.8421052609755737,0.38216022973202457
20,0.7545199894194752,0.5388045063570069,0.8443935904950245,0.3735086971753249
21,0.7522281639321572,0.5409384932201086,0.8443935904950245,0.3771878211530995
22,0.7621594095673305,0.5213224453752449,0.8375286073924748,0.38525533846641297
23,0.7641965875742178,0.5156283973357378,0.8672768875990634,0.34159147527998046
24,0.7672523550171265,0.525208453200748,0.8672768875990634,0.32754075356697326
25,0.7731092433028468,0.5168565352181002,0.8695652188916501,0.3369067128517535
26,0.7784568376294644,0.49317071239457105,0.8604119008138469,0.34845575042392896
27,0.7715813599987918,0.5075522740742678,0.8512585827360437,0.34741727308768705
28,0.77998472117637,0.4746832764570665,0.8512585845091796,0.3683993819785609
29,0.7896613185114918,0.4733842344025422,0.8443935959508272,0.3589181003226841
30,0.784059077782093,0.46770650665967073,0.8398169369119256,0.37014604576392357
31,0.7944996182111678,0.4578438732106175,0.846681925470278,0.3501459043004147
32,0.7973007379156171,0.4593051166624886,0.8535469122554945,0.3544444367460037
33,0.8074866304544508,0.43039971958871465,0.8581235712943961,0.33690668454977685
34,0.8059587471503958,0.4418787934988365,0.8489702549897288,0.3639467741859314
35,0.8064680415344869,0.4377725439761351,0.8512585845091796,0.3563664398695293
36,0.7929717336776817,0.45939242569641936,0.846681925470278,0.3467450069617352
37,0.8079959258251224,0.43628886614496665,0.8443935941776913,0.3604492917486405
38,0.820473644018234,0.4161835457870667,0.8512585827360437,0.3379142207330097
39,0.813598165977751,0.4166312288290859,0.8466819236971421,0.341433905968677
40,0.820728291164745,0.41027386779848296,0.8649885580796126,0.32054718803759297
41,0.8174178764235436,0.42034798575200466,0.8695652171185142,0.3023856585031243
42,0.8141074611814628,0.40812799987187054,0.8649885580796126,0.3127316855729581
43,0.8298955951934253,0.39111575336288734,0.8649885563064768,0.31897469236594317
44,0.8288770055297315,0.38507961574206684,0.8672768858259275,0.3182843738071433
45,0.8258212374341618,0.3805946513976278,0.8649885563064768,0.32248508343707505
46,0.8334606568382871,0.375672407351531,0.8695652171185142,0.31461261379909733
47,0.8296409478799545,0.38997985783472056,0.8604119008138469,0.337501447315347
48,0.8311688313509691,0.3792190980009672,0.8489702514434571,0.35051778518089716
49,0.8324420675844038,0.3601835158935539,0.8672768875990634,0.32976578083954905
50,0.844410491560384,0.3582837932629533,0.862700226787026,0.32242947816848755
51,0.840081486988529,0.35622385672433765,0.8741418743842799,0.3122050102024384
52,0.8469569641183222,0.3540487731948043,0.8627002303332977,0.3308987479733657
53,0.8505220274176037,0.3502411537948139,0.8855835219815339,0.2995080472539164
54,0.8464476700681507,0.3462220550319576,0.8787185334231815,0.30780741947466506
55,0.8472116123424829,0.3453978579904033,0.8741418743842799,0.30854912221568126
56,0.856378915703324,0.3351876963549423,0.8878718569567875,0.3009622330250947
57,0.856378915050663,0.3275786818121115,0.8878718569567875,0.28750436925233364
58,0.8573975039706268,0.3258686719321403,0.881006868398435,0.3133218844913509
59,0.8645276294156495,0.32010065338251575,0.8787185388789842,0.3048189677962995
60,0.8604532717322769,0.31436186301850894,0.8718535503206318,0.315289075437345
61,0.8645276291576208,0.3179677367316635,0.8764302039037307,0.300691446941559
62,0.8731856383923996,0.30516941095615785,0.8832951924620831,0.2881288087204337
63,0.8724216956323663,0.29132016578004777,0.8787185351963174,0.3005505164646175
64,0.875986758020958,0.2926375478969022,0.8672768875990634,0.31856593605582717
65,0.8770053476846519,0.28996831602894807,0.8718535448648291,0.315551193273313
66,0.869365928037676,0.30209409365649137,0.8787185334231815,0.3052276365407817
67,0.8698752224976579,0.3008392308242211,0.8764302039037307,0.30413590102228477
68,0.8815889987503569,0.28171680729930143,0.8764302093595334,0.29519993394135885
69,0.8785332311556665,0.28776717053165196,0.8901601864762383,0.2875680020526563
70,0.8843901199422661,0.27103691124448587,0.8832951979178859,0.2886105725366955
71,0.87649605248094,0.2796356677933142,0.8832951979178859,0.2932083389851812
72,0.8912655966622489,0.26221664356523594,0.8832951979178859,0.28610776872874943
73,0.8882098292345183,0.2662422192181708,0.8764302093595334,0.29514763093376595
74,0.8966131911558264,0.25265929823101463,0.869565220801181,0.30712530446543573
75,0.8838808253153244,0.2755642645393038,0.8764302093595334,0.3036182399336206
76,0.8882098296443287,0.2600253482705192,0.881006868398435,0.29954469619953933
77,0.8892284187312524,0.2581960130184092,0.8901601864762383,0.27800515921492325
78,0.894321365167629,0.25419705556736427,0.8787185388789842,0.28914463499590787
79,0.898905016233334,0.24787150987815032,0.8924485159956891,0.28786530971390706
80,0.8958492488814942,0.24875016892217394,0.8878718569567875,0.2995945502336838
81,0.9045072572055833,0.23248257778863857,0.8855835274373367,0.30109218826828615
82,0.8922841861589829,0.24632621640190083,0.8764302093595334,0.3165694400838638
83,0.9042526100590723,0.2280795609781024,0.869565220801181,0.3159996929239627
84,0.9103641459162921,0.22229301734434487,0.8718535503206318,0.3139104695832975
85,0.9011968418876117,0.23788006303569637,0.8764302093595334,0.31099860830492504
86,0.9090909086810987,0.2229246797454184,0.881006868398435,0.2938594983153267
87,0.9101094978590912,0.21975853385013389,0.881006868398435,0.30117713225242476
88,0.9070537306742114,0.2239725664087249,0.8787185388789842,0.2982991750371265
89,0.9073083783974926,0.22936186124979765,0.8764302093595334,0.3035977700345849
90,0.9129106192938511,0.21808456760616074,0.869565220801181,0.30169634974521137
91,0.9200407440710348,0.21182504796423254,0.869565220801181,0.29822930911858514
92,0.9139292083048839,0.21303964422378704,0.8787185388789842,0.2875299817569196
93,0.9103641457493323,0.2082741351369868,0.8832951979178859,0.2766811149344019
94,0.9225872160522027,0.19857565165021385,0.881006868398435,0.28965921628393354
95,0.9205500384551258,0.1935767964959175,0.881006868398435,0.2828752181963735
96,0.9230965109219951,0.19521553609505968,0.8901601864762383,0.27858217776640054
97,0.9269162207910175,0.18372986492823487,0.8764302093595334,0.30332160851911766
98,0.9246243945599695,0.19417882144739526,0.8787185388789842,0.2972116353037155
99,0.9261522786077544,0.19146694603435618,0.8810068629426323,0.3122695076792955
100,0.9236058055489368,0.1906453034510162,0.8832951979178859,0.29439556530465794
101,0.9320091672273941,0.1793236715748986,0.8855835274373367,0.28749819454530284
102,0.9314998726004524,0.18563893715904844,0.8832951979178859,0.2835562207674271
103,0.9396485864645596,0.17083346082914078,0.881006868398435,0.29623800591145827
104,0.9302266360330982,0.17779273207569535,0.8787185388789842,0.3006671919429875
105,0.9373567610531325,0.169129775689551,0.8764302093595334,0.3040393484538971
106,0.9284441048388024,0.17812644961395122,0.8787185388789842,0.2966796297162294
107,0.9264069263310356,0.17541840220563187,0.8878718569567875,0.27182696633535336
108,0.931245225696792,0.17540654548030485,0.8878718569567875,0.2797361603113279
109,0.9383753497302456,0.16329215092075547,0.8649885617622795,0.30833851943299756
110,0.9314998724334926,0.17365533469028074,0.8741418798400826,0.30136080331742354
111,0.9307359308269997,0.1765875747208684,0.8855835274373367,0.2860153649573468
112,0.9386299970437165,0.16058233979096204,0.8832951979178859,0.28932987173989383
113,0.9434682967433925,0.15817763532106585,0.881006868398435,0.28906569212197714
114,0.9393939393180486,0.1618219741411661,0.881006868398435,0.3007372163525981
115,0.9449961800474473,0.15858195362380664,0.8787185388789842,0.30145151002728965
116,0.9427043542262098,0.15176343595310723,0.8901601864762383,0.28071290152296596
117,0.9365928182930991,0.16090412595009784,0.8947368455151399,0.2674830776875843
118,0.9462694171915718,0.14571484783344182,0.8855835274373367,0.2847763565230424
119,0.9490705372299406,0.14468020298249065,0.8832951979178859,0.28526053961272646
120,0.9518716580879303,0.13714861537030795,0.8855835274373367,0.2974610165000235
121,0.9442322382739946,0.14873031383939514,0.8924485159956891,0.2730627523338767
122,0.9513623632940288,0.14486399327096727,0.8832951979178859,0.2663225790728693
123,0.9521263046576711,0.13666345212472922,0.8787185388789842,0.3032966283761664
124,0.9488158900834296,0.14185711192377415,0.8947368455151399,0.27949877216286734
125,0.952635599117653,0.1314046186043283,0.8855835274373367,0.2918265434983666
126,0.9556913668034124,0.128157629648298,0.8924485159956891,0.27456544070276573
127,0.9518716571013497,0.13465490428005614,0.8901601864762383,0.2792477382334201
128,0.947542653015196,0.1377297225938306,0.8901601864762383,0.27399014594625826
129,0.9574738989842888,0.12439706600938767,0.8855835274373367,0.28894169921869545
130,0.9536541885384962,0.1317412395012236,0.8855835274373367,0.28399607968821405
131,0.96078431314872,0.12395172498442909,0.894736843742004,0.2693206426139827
132,0.9577285453870699,0.12146749628244358,0.8787185388789842,0.2913175135919104
133,0.9597657249724862,0.12140248466955665,0.8832951979178859,0.29540304774823395
134,0.9625668450867458,0.11242687613386704,0.881006868398435,0.2964092922360728
135,0.955182073330011,0.12249549913716007,0.8787185388789842,0.29745490889936615
136,0.96078431389245,0.11774127782036216,0.8787185388789842,0.3066765155890441
137,0.9653679652920746,0.10911838256481012,0.8901601864762383,0.2780981929269481
138,0.9592564294348548,0.11875603595610518,0.8855835274373367,0.28844200282675175
139,0.9607843136495994,0.11091657700446352,0.8901601864762383,0.2740228947090066
140,0.9643493758712314,0.11265368922797359,0.8878718569567875,0.27816992217261405
141,0.9620575504598042,0.11455918212549542,0.8787185388789842,0.305143956597937
142,0.9643493755373118,0.10719169770787926,0.8901601864762383,0.2811493098190229
143,0.9651133180544945,0.10793315449424576,0.8878718569567875,0.29636664988656336
144,0.9635854337638591,0.10802979720080509,0.8855835274373367,0.2895004999242058
145,0.9633307871941182,0.10721322571560418,0.8878718569567875,0.29339927598595344
146,0.9714795010582253,0.09895777471433743,0.8832951979178859,0.29914208656726765
147,0.9630761400476071,0.1089789927582538,0.881006868398435,0.29566311072430296
148,0.9699516164336703,0.09728406623256307,0.8878718569567875,0.28657147397438504
149,0.965367964958155,0.10333816767467444,0.8924485159956891,0.2786836911598114
150,0.9732620320855615,0.09345870574322979,0.8878718569567875,0.2991204929092656
151,0.9707155592847726,0.09950922527460764,0.881006868398435,0.30614601887199916
152,0.971988795685167,0.09610002777990506,0.8832951979178859,0.30342179240160183
153,0.9696969692871593,0.0945118345701576,0.8878718515009847,0.29103645811910217
154,0.9758085049774193,0.08873786685619763,0.8855835219815339,0.290700532342531
155,0.9752992103504776,0.0897132591426236,0.8901601864762383,0.2784721885788632
156,0.9724980895683788,0.09255074909246694,0.8832951979178859,0.27965302390282976
157,0.9679144380928634,0.09672393006262416,0.8832951979178859,0.30082513460169125
158,0.9763178000141715,0.08492830964689921,0.8832951979178859,0.3018453883633734
159,0.9719887951083969,0.08821357857992791,0.8947368455151399,0.2820683411861721
160,0.9735166788222621,0.0869374138319465,0.8832951979178859,0.30188039187299304
161,0.971988795685167,0.08857746493817893,0.8901601864762383,0.28009189736924944
162,0.9752992109272478,0.08145694054998998,0.8901601864762383,0.2812926695603255
163,0.9742806216733645,0.08240316221967192,0.8832951979178859,0.28494507855217843
164,0.9768270949750326,0.0820472042904211,0.881006868398435,0.2879939308087395
165,0.9758085049774193,0.08308007552753066,0.8832951979178859,0.29097492338181635
166,0.9727527374586198,0.08456136574454061,0.8901601864762383,0.2722074004141635
167,0.9714795012251852,0.09030672940841789,0.8924485159956891,0.27579539922200297
168,0.9752992103504776,0.08082841501789662,0.8993135027809056,0.2715058955161468
169,0.9760631525337408,0.08195690211142964,0.8901601864762383,0.28265050871966907
170,0.9768270946411131,0.08192841789104388,0.8832951979178859,0.2943317359249434
171,0.978609625835409,0.07630165000969076,0.8878718569567875,0.2860260396104656
172,0.9781003304647373,0.0750354546849619,0.8855835274373367,0.2947776169266799
173,0.9781003312084673,0.07486003439618275,0.8947368455151399,0.29389298558917143
174,0.9788642731488798,0.07501165790998938,0.8832951979178859,0.32087197275810986
175,0.9819200401668,0.07098062053561847,0.8718535503206318,0.33085031694896705
176,0.9842118659880376,0.06964617678841047,0.8810068666252991,0.3133281950478696
177,0.9854851027223516,0.062263664627518395,0.8832951961447499,0.3055109517388813
178,0.9816653930202889,0.06990827278520789,0.8901601847031023,0.2934424358865489
179,0.9796282150892923,0.07083662291967387,0.8970251732614548,0.28321927390327717
180,0.9811560988031576,0.06765787656909186,0.8970251732614548,0.2821519388145931
181,0.9798828616590333,0.07352462800056964,0.8924485142225532,0.29492352858560855
182,0.9837025721048258,0.06606221307938961,0.8993135027809056,0.28645244138464504
183,0.9826839822741723,0.06261767140206169,0.8970251732614548,0.28466336763287026
184,0.985230455985651,0.06015017994463459,0.9084668190855729,0.26187804597056974
185,0.9844665138782785,0.061666834861351265,0.8947368455151399,0.27070117515066394
186,0.9788642725721096,0.06981895722852945,0.8901601864762383,0.2721194741518601
187,0.9882862235803412,0.05742869707052568,0.8924485142225532,0.2853110484113955
188,0.9867583392897058,0.06103865827711478,0.8901601864762383,0.2873943024219037
189,0.983957219251337,0.06278847965148833,0.8764302039037307,0.32742627762957077
190,0.9806468043431757,0.06436650605641281,0.8741418798400826,0.31927539483224227
191,0.9859943973492933,0.05749517299760411,0.8878718569567875,0.2980458913392279
192,0.9829386301644133,0.06085028592520826,0.8718535503206318,0.33157937358254974
193,0.9847211611917495,0.060271975015384234,0.8855835274373367,0.3024232148510368
194,0.9803921564529348,0.0632776427252286,0.8855835274373367,0.2894944863338492
195,0.986758339122746,0.05761404355515012,0.8901601847031023,0.29760681321200844
196,0.9872676337496876,0.05706084191396942,0.8901601864762383,0.2798547557207758
197,0.983702571937866,0.05886929060458408,0.8718535503206318,0.3034876727880548
198,0.9890501649439836,0.052893651449668184,0.881006868398435,0.3025143498755156
199,0.986758339122746,0.053814606570790735,0.8787185388789842,0.2994044559157413
200,0.9857397504456328,0.051975097903767885,0.8787185388789842,0.3081913286952187
201,0.9862490450725745,0.053613584158505256,0.8787185388789842,0.30668269820698885
202,0.983702571937866,0.05748176342291415,0.8878718569567875,0.2874544086595422
203,0.9890501655207538,0.04947345533844834,0.8855835256642007,0.30299095284338673
204,0.9895594603146552,0.05268394225899548,0.8855835256642007,0.28986918827352587
205,0.988795518207283,0.05090582851052041,0.8832951961447499,0.2944598433559492
206,0.9921059332824038,0.045216865243728394,0.8787185388789842,0.2972119119470125
207,0.9908326968820095,0.04544442659658969,0.8810068666252991,0.2933026929332681
208,0.9910873436187101,0.04710604466340425,0.8855835256642007,0.2972439368611342
209,0.9913419913419913,0.04674631076776438,0.8832951961447499,0.2964098382255305
210,0.9880315756901002,0.04980915561811688,0.8810068666252991,0.29932944306110626
211,0.986758339122746,0.04960123276153472,0.8901601847031023,0.2824293037778453
212,0.9875222818068885,0.05080899697149076,0.881006868398435,0.3113177207296446
213,0.9905780488248086,0.04754522653509558,0.881006868398435,0.3215477190724227
214,0.9918512853921628,0.04429456448077639,0.881006868398435,0.31449430686521856
215,0.9905780489917684,0.04435629129925848,0.8787185388789842,0.3089353655991347
216,0.9910873440285205,0.04267291581105922,0.8924485159956891,0.29198413971359727
217,0.9905780494015788,0.04606578815543442,0.8947368455151399,0.28083893871552884
218,0.991596638078692,0.043250422663882335,0.8878718569567875,0.2888812285675337
219,0.993633817163229,0.04002153812066908,0.8832951979178859,0.29048841601787495
220,0.9913419913419913,0.041379634116859056,0.8901601864762383,0.2829800170741856
221,0.9915966386554622,0.04336445600549502,0.8970251750345907,0.28091913860640755
222,0.991596638822422,0.04279985372190534,0.8832951979178859,0.3114341787260784
223,0.991596638078692,0.043247356830600686,0.8832951979178859,0.31380499916436744
224,0.990323402088108,0.04149023758170181,0.8832951979178859,0.3094383103760211
225,0.9923605800191045,0.040318700534971975,0.8878718569567875,0.3057954845698529
226,0.9931245222934366,0.03911389936988276,0.881006868398435,0.3216468255020661
227,0.9931245219595171,0.03932395793340089,0.8878718569567875,0.311487110139849
228,0.9938884638999296,0.03740063301416369,0.8764302093595334,0.31918338732261137
229,0.993379169849758,0.033525237022904546,0.8832951961447499,0.30437788749177613
230,0.991851285968933,0.038411277813752975,0.8764302093595334,0.3110593797754096
231,0.989814107628126,0.04124737478202616,0.8832951979178859,0.30747335078514415
232,0.9938884646436595,0.0370572250405659,0.8878718569567875,0.29814473592443924
233,0.988795518207283,0.04000599760972941,0.8832951979178859,0.3253076876464643
234,0.9949070537305832,0.03386310665238092,0.8855835274373367,0.3050488180713195
235,0.9933791692729879,0.03651230878746628,0.8901601847031023,0.2906950906225964
236,0.993633817163229,0.034968288927446925,0.8855835256642007,0.30528948611198353
237,0.9943977585268713,0.03336784349451364,0.8901601847031023,0.30219218390620817
238,0.9913419907652211,0.035205315997734424,0.894736843742004,0.2979511900611
239,0.9931245219595171,0.03480417083124487,0.8878718569567875,0.29379142599193125
240,0.9959256429844665,0.030905896424962602,0.8855835274373367,0.30223396723957846
241,0.993633817163229,0.03334540364894326,0.8855835274373367,0.30187238009488826
242,0.9913419915089511,0.03532482519734443,0.8855835274373367,0.29972433003871884
243,0.9933791692729879,0.034838522386696616,0.8832951979178859,0.3037624569179264
244,0.9961802902979373,0.0292281326933887,0.8718535503206318,0.3395434446479418
245,0.9931245225362872,0.0347126679163429,0.8832951979178859,0.3213757267669355
246,0.993633817163229,0.03399644155925183,0.881006868398435,0.3280188679285944
247,0.9959256429844665,0.028850176521755522,0.881006868398435,0.3101159917612643
248,0.9908326961382795,0.03576427917459826,0.8787185388789842,0.3199542475442319
249,0.9928698752228164,0.030809999939963993,0.8832951979178859,0.3243188626160611
250,0.9941431119571305,0.02949422784102215,0.8832951961447499,0.31267618161180744
251,0.9954163479477144,0.028698790779558794,0.8855835256642007,0.3025494169793358
252,0.994907053153813,0.030690889889035237,0.9016018323003564,0.2799677925538144
253,0.9961802902979373,0.02939669051648006,0.8924485142225532,0.291908154566719
254,0.9949070537305832,0.030910739584095247,0.8924485124494173,0.30826432481237626
255,0.9946524058403421,0.02864190540460266,0.8764302075863976,0.32081390416049305
256,0.9951617004672838,0.02867565144670201,0.8764302093595334,0.33053987652267963
257,0.9956709956709957,0.02768621619943523,0.8787185388789842,0.32572727788503986
258,0.9943977591036415,0.027521604454836864,0.8855835274373367,0.3157425094864734
259,0.9956709956709957,0.025967066044138228,0.8718535503206318,0.34512309474312197
260,0.9974535268652915,0.024537522935358082,0.8741418798400826,0.3281461728451181
261,0.9954163483575248,0.026063179512830038,0.8832951979178859,0.3171503850060688
262,0.996689584924879,0.0232707372678504,0.8832951979178859,0.32027813645604003
263,0.9971988791420103,0.023351138735131692,0.8832951979178859,0.3168412396509533
264,0.9979628209154631,0.023602123301820595,0.881006868398435,0.3275828590654945
265,0.9954163483575248,0.026247042044617763,0.8787185388789842,0.31461402040733627
266,0.9979628214922333,0.022362064106305927,0.8718535503206318,0.3464462749949855
267,0.9961802897211671,0.024062176795900704,0.881006868398435,0.31383451082886493
268,0.9969442322383499,0.024674115622824525,0.8832951979178859,0.3126449811717738
269,0.996689584924879,0.02489266321176878,0.881006868398435,0.31358284378761014
270,0.995161701044054,0.026474380728140994,0.8764302093595334,0.30518826364925306
271,0.9956709958379555,0.02395025715952858,0.881006868398435,0.3233893806928901
272,0.995161701044054,0.02583780626239654,0.8832951979178859,0.3272427231482565
273,0.9959256429844665,0.02485416775845847,0.881006868398435,0.3213363049436761
274,0.9954163483575248,0.024116051265922915,0.8787185388789842,0.3268245378129815
275,0.9959256429844665,0.024353222971294015,0.8672768912817302,0.35184281975781073
276,0.9954163483575248,0.024245115394981757,0.8718535503206318,0.34966450680720723
277,0.9992360580595875,0.01956782711948227,0.8741418798400826,0.34123808865007055
278,0.9961802902979373,0.02384915875960146,0.881006868398435,0.32696148313292106
279,0.998472116119175,0.02131924076138151,0.881006868398435,0.33508480897757226
280,0.9974535268652915,0.02164425787062728,0.8832951979178859,0.32769572216531506
281,0.996689584924879,0.021881745552379938,0.8832951979178859,0.3265351141276567
282,0.9959256429844665,0.023686436036478815,0.8832951979178859,0.3208812493276814
283,0.9961802902979373,0.022073353701922118,0.881006868398435,0.31265010608006394
284,0.9969442322383499,0.022406803454937205,0.8810068666252991,0.33291231031003204
285,0.9964349376114082,0.02088287369940294,0.8878718551836515,0.3176864305131768
286,0.9987267634326458,0.019628101912392802,0.8901601847031023,0.3137737117383791
287,0.996689584924879,0.01896365519555161,0.8901601847031023,0.31053656124823154
288,0.9974535268652915,0.020932384390504436,0.8924485142225532,0.32232391043167635
289,0.9974535262885214,0.021969073581781313,0.8924485142225532,0.31401915786877377
290,0.998472116119175,0.018244703270415254,0.8901601847031023,0.323195670439395
291,0.998472116119175,0.019089805324181728,0.8741418798400826,0.36082430511235647
292,0.9964349376114082,0.021069784113449057,0.8810068666252991,0.3348637855434854
293,0.998472116119175,0.017947298844577568,0.8810068666252991,0.33845751526290274
294,0.9989814107461167,0.017101621438839493,0.8878718551836515,0.32728285794263573
295,0.9966895850918388,0.017690011750985443,0.8878718551836515,0.3243899035099169
296,0.9977081741787625,0.018586419537466144,0.8810068666252991,0.3339975200064941
297,0.9979628214922333,0.016703130486666745,0.8878718551836515,0.3274230823364083
298,0.9966895843481088,0.01977262490146528,0.8901601864762383,0.31338725673797746
299,0.998472116119175,0.016527903978913256,0.8855835274373367,0.31714060162652274
300,0.998472116119175,0.016020538249800823,0.881006868398435,0.33175797344481645
301,0.9979628214922333,0.016628665993521845,0.8855835256642007,0.33292626332090974
302,0.9971988795518207,0.01668380559541841,0.8970251732614548,0.32080006954053447
303,0.998472116119175,0.015085856154891168,0.8878718551836515,0.3353998559426934
304,0.9977081741787625,0.017679617459180702,0.8878718551836515,0.345391310120611
305,0.9979628214922333,0.01612751116548782,0.8787185371058484,0.34921388249648244
306,0.9979628214922333,0.015091067965033098,0.8832951961447499,0.3494587983910497
307,0.9969442322383499,0.01757146814339544,0.8924485124494173,0.3287217680458619
308,0.998472116119175,0.015847696732992446,0.8832951961447499,0.33336770200347465
309,0.9982174688057041,0.0157644045753829,0.8832951961447499,0.336358989437603
310,0.9974535268652915,0.017357167540493282,0.8810068666252991,0.3346855976284232
311,0.9984721155424048,0.014767130714944825,0.8810068666252991,0.3466000980452487
312,0.9989814107461167,0.014204088395481835,0.8810068666252991,0.3478654142239001
313,0.9987267634326458,0.014957916495507156,0.8832951979178859,0.34111598863754444
314,0.9982174688057041,0.015256909722676213,0.8764302093595334,0.3668196987301043
315,0.9971988789750506,0.01844854170927526,0.8787185371058484,0.3663864339652814
316,0.9987267634326458,0.016585925777177372,0.8787185388789842,0.3507766300808101
317,0.9987267634326458,0.014093741157946163,0.8924485142225532,0.33157220731747233
318,0.9987267634326458,0.01444647788644778,0.8832951979178859,0.3430412435217908
319,0.9992360580595875,0.01412620020900818,0.8855835274373367,0.3412668202370746
320,0.9974535268652915,0.015068525368993311,0.8764302039037307,0.3689069631648009
321,0.998472116119175,0.01426395785698142,0.8764302039037307,0.3446060692554753
322,0.9989814107461167,0.014062664812126702,0.8878718569567875,0.33538955439828355
323,0.9989814107461167,0.012719610491105853,0.8741418798400826,0.3512817842873065
324,0.998472116119175,0.01391722701740365,0.8878718569567875,0.32630155496384516
325,0.996689584924879,0.015300818877391894,0.8810068666252991,0.36098015465234456
326,0.9982174688057041,0.01568219023772098,0.8901601847031023,0.32571307104294034
327,0.9989814107461167,0.013818131041408784,0.8855835256642007,0.33568981044352464
328,0.9987267634326458,0.012309924102793152,0.8832951961447499,0.33561193206490314
329,0.9979628214922333,0.014142211098323532,0.8741418798400826,0.35252982115445475
330,0.9987267634326458,0.012754033063046268,0.8810068666252991,0.3377274237317406
331,0.9989814107461167,0.010491275702996133,0.8924485142225532,0.3229028187709215
332,0.9979628214922333,0.014037234341544993,0.8924485142225532,0.3225219369071026
333,0.9987267634326458,0.012518085462027206,0.8970251732614548,0.31743486372229707
334,0.998472116119175,0.013087997390875114,0.881006868398435,0.34520839444559825
335,0.9994907053730583,0.01098752203500617,0.8901601847031023,0.33306930532990114
336,0.9989814107461167,0.011681897583035058,0.8787185388789842,0.34004956538398967
337,0.9987267628558756,0.011951554599349693,0.8832951979178859,0.3450772590781786
338,0.9982174682289339,0.012073620627338964,0.8855835274373367,0.3582009487280311
339,0.9992360580595875,0.011429116904910113,0.8787185388789842,0.3752902273932638
340,1.0,0.010488753648380424,0.8764302093595334,0.3807318045563774
341,0.9994907053730583,0.010907450659679135,0.8832951979178859,0.35602427790585045
342,0.9979628214922333,0.012256129960469505,0.8764302093595334,0.3884720181709569
343,0.9994907053730583,0.010447797912374795,0.8787185388789842,0.3770303744950611
344,0.9989814107461167,0.01126724487772486,0.8764302093595334,0.37956540661627425
345,0.9994907053730583,0.011081546037508872,0.8787185388789842,0.355898542896561
346,0.9989814107461167,0.01127492453237018,0.8832951979178859,0.3805989436549507
347,0.9994907053730583,0.010812770707619563,0.8855835274373367,0.3644482895425037
348,0.9992360580595875,0.010594756650302758,0.8947368455151399,0.33305257712267083
349,0.9992360574828173,0.011623419398645392,0.894736843742004,0.3326834913181222
350,0.9994907053730583,0.010320677633651278,0.8970251732614548,0.32246289547166235
351,0.9994907053730583,0.009508759930477529,0.8993135027809056,0.3128148428840004
352,0.9994907053730583,0.009412010544083343,0.8924485142225532,0.3432283065275415
353,0.9992360580595875,0.010818516606474943,0.8901601829299665,0.33859344014314
354,0.9992360574828173,0.009179051864682595,0.881006868398435,0.36479153400564085
355,0.9992360580595875,0.009092804094881335,0.8787185388789842,0.36599070392975275
356,0.998472116119175,0.010987235228918818,0.8787185388789842,0.35581883979061923
357,0.9987267634326458,0.010011957869583967,0.8901601864762383,0.34729354816661545
358,0.9989814107461167,0.009153276627116343,0.9016018323003564,0.33615891236462364
359,0.9982174688057041,0.011358153009523956,0.8901601864762383,0.34738245732587864
360,0.9984721155424048,0.01066705486389754,0.894736843742004,0.3450423678557987
361,0.9992360580595875,0.00988038853183199,0.8993135027809056,0.3249149121668028
362,0.9997453526865292,0.009205447960723697,0.8878718551836515,0.3516440780948447
363,0.9989814107461167,0.008999458713070894,0.8878718569567875,0.3576309638315262
364,0.9987267634326458,0.00957622741727784,0.8764302093595334,0.373315989220988
365,0.9997453526865292,0.009230616531634348,0.8787185388789842,0.36300276134597903
366,0.9994907053730583,0.008900673833026104,0.8901601847031023,0.33857662003973255
367,0.9987267634326458,0.008946294611654767,0.8878718551836515,0.34522660727904647
368,0.9989814107461167,0.00925169591342512,0.8901601864762383,0.34991934687512966
369,0.9992360574828173,0.009054400685151055,0.8947368455151399,0.3435278181625995
370,0.9992360580595875,0.00835313222368433,0.8901601864762383,0.35918017052267454
371,0.9992360580595875,0.008377491916274415,0.8970251750345907,0.34808659860416735
372,0.9984721155424048,0.009953919714655863,0.8901601864762383,0.3673535419001459
373,0.9982174688057041,0.01051609554482889,0.8764302093595334,0.3683400258115009
374,0.9989814107461167,0.008787331117024427,0.8878718551836515,0.34765904197294595
375,1.0,0.007791471233587168,0.8901601864762383,0.3448127436897029
376,0.9994907053730583,0.008101124112023055,0.8878718569567875,0.34435652325982635
377,0.9994907047962881,0.008482431168524492,0.881006868398435,0.363279896381245
378,0.9997453526865292,0.006602812372835797,0.8993135027809056,0.34180408136522744
379,0.9992360574828173,0.008250512833950596,0.9061784895661221,0.3257248226715171
380,0.9994907053730583,0.007705115432383103,0.894736843742004,0.3449690971412702
381,0.9992360580595875,0.00839338902178189,0.8970251714883188,0.3561274403497338
382,0.9997453526865292,0.007636469499278469,0.8855835256642007,0.372108191217656
383,0.9992360574828173,0.007622716180944157,0.8855835256642007,0.371906949876375
384,0.9992360580595875,0.008218150840005461,0.8924485142225532,0.3495240374137935
385,0.9997453526865292,0.006877170556689951,0.8924485142225532,0.33052807299577946
386,0.9997453526865292,0.006632621670537871,0.8924485142225532,0.3481257331112157
387,1.0,0.006962416339964471,0.8832951979178859,0.3712028350587295
388,0.9994907053730583,0.006769419481267767,0.8901601847031023,0.35082527657531765
389,0.9989814107461167,0.00731733489081051,0.8855835274373367,0.375388274885697
390,0.9997453526865292,0.0057274083043528075,0.8901601864762383,0.3750722924209023
391,0.9994907053730583,0.00686487516289639,0.8947368455151399,0.3612331440778837
392,0.9989814107461167,0.007825827620615688,0.9016018323003564,0.3308103984430671
393,0.9992360574828173,0.007772236761736876,0.894736843742004,0.34650736256104037
394,0.9989814107461167,0.007432464685522044,0.8855835274373367,0.3481005647771691
395,0.9992360580595875,0.007565748957745866,0.8855835274373367,0.3467028576121996
396,0.9994907053730583,0.006327652196210852,0.8832951979178859,0.3677312370295928
397,0.9989814107461167,0.007662135047701963,0.8855835274373367,0.36072256168866323
398,1.0,0.006143038546837731,0.8832951979178859,0.38267569503058557
399,1.0,0.0059044203869922565,0.8901601864762383,0.3585761876891898
400,0.9997453526865292,0.0070445083015554955,0.881006868398435,0.37318118827021096
401,0.9997453526865292,0.00700321306716646,0.8741418798400826,0.4055191866320385
402,0.9997453526865292,0.0067817768146529855,0.8924485142225532,0.35575522952958155
403,0.9994907053730583,0.006923255912849534,0.8901601847031023,0.3495576503415948
404,0.9997453526865292,0.006821567426986569,0.8855835256642007,0.3916565835544119
405,0.9987267628558756,0.007549493179210944,0.8878718551836515,0.353670514523301
406,0.9997453526865292,0.006864130003214156,0.8901601847031023,0.37197624331071666
407,1.0,0.005713872279026049,0.9038901600466713,0.3425332203132337
408,0.9994907053730583,0.006794379186193498,0.8901601847031023,0.3612668098587739
409,0.9997453526865292,0.006228068763442833,0.8924485142225532,0.35280622671479767
410,0.9997453526865292,0.005970998970743792,0.894736841968868,0.36360690938799006
411,0.9992360580595875,0.007587909054837368,0.8878718551836515,0.3811726565355567
412,0.9994907053730583,0.005743538344972384,0.8878718569567875,0.3740128710763678
413,0.999745352109759,0.005940653099141292,0.8947368455151399,0.3545659224351429
414,0.9994907053730583,0.0053243348794733865,0.8878718569567875,0.3728042446775895
415,0.9994907053730583,0.0060015900524417074,0.8878718569567875,0.36271598720305026
416,0.9997453526865292,0.005957160246666869,0.8993135045540415,0.3331835163539825
417,0.9989814107461167,0.00785088002599201,0.9016018323003564,0.3407258765102797
418,0.9992360580595875,0.006904305005363071,0.8878718569567875,0.3746816871231699
419,0.9997453526865292,0.006117628696145737,0.8901601847031023,0.36590072113671074
420,0.9997453526865292,0.005231983717654288,0.8855835274373367,0.38732548392200905
421,0.9997453526865292,0.006640879621362607,0.8947368455151399,0.37166518457148656
422,0.9989814107461167,0.006898953927989631,0.8947368455151399,0.3881311089277813
423,0.9989814107461167,0.006010130572630563,0.8901601864762383,0.3803655030525522
424,0.9997453526865292,0.0050963857600113,0.894736843742004,0.3749880574865254
425,0.9994907053730583,0.005619477537568058,0.8993135027809056,0.3343932375959728
426,0.9997453526865292,0.004940194530585206,0.894736843742004,0.36266149969204614
427,0.9997453526865292,0.005045175999175327,0.8764302093595334,0.39018479395376465
428,1.0,0.004579591105635408,0.8901601847031023,0.37697848408254936
429,1.0,0.004013838522873301,0.8901601864762383,0.38182322936690916
430,1.0,0.00410485932389324,0.894736843742004,0.36815537178134483
431,0.9994907053730583,0.00465313381087846,0.8924485142225532,0.37449248513586186
432,1.0,0.004492469085255926,0.8993135010077697,0.3668038480205449
433,1.0,0.004905995112142533,0.8924485159956891,0.37090666199985306
434,1.0,0.004622994775893102,0.8832951979178859,0.38466045188821973
435,1.0,0.00402489301293466,0.8855835274373367,0.38543264421227325
436,0.9994907053730583,0.004421631761783649,0.8832951979178859,0.39024633932986574
437,1.0,0.004634164501885619,0.8901601847031023,0.3716302531466604
438,0.9989814107461167,0.005665928579303397,0.8832951979178859,0.39987631039843136
439,1.0,0.0045882291486913675,0.8993135027809056,0.34724459495369847
440,1.0,0.004424464065573971,0.8970251750345907,0.36258808777452334
441,0.9994907053730583,0.006453535675650084,0.9016018340734923,0.3617829922544056
442,0.9997453526865292,0.004603840035464883,0.8970251750345907,0.36627253518360975
443,1.0,0.004360448944778187,0.8901601864762383,0.39239740668363376
444,0.9997453526865292,0.0039593895823987185,0.8878718569567875,0.37566497345674504
445,1.0,0.004234148999026293,0.8947368455151399,0.34815439159046324
446,0.9997453526865292,0.004661431662484089,0.8947368455151399,0.3532035406380551
447,0.9994907053730583,0.004885824796344552,0.8993135027809056,0.3555640906641085
448,1.0,0.004233632008216636,0.881006868398435,0.403908015081757
449,1.0,0.004912020260198238,0.8901601864762383,0.3893835368295556
450,0.9997453526865292,0.004284864385819349,0.8901601847031023,0.38385630387054154
451,1.0,0.003771387030772992,0.8924485142225532,0.3875714563668729
452,1.0,0.004574241940295435,0.8878718569567875,0.3913247151219327
453,0.9997453526865292,0.004505170521195688,0.8855835274373367,0.40108952618436355
454,0.9994907053730583,0.0037537319608211047,0.881006868398435,0.4087178813510956
455,0.9997453526865292,0.003852161570177761,0.8970251750345907,0.3774003066310075
456,0.9994907053730583,0.00397215725468419,0.9038901618198072,0.36156827664893604
457,0.9994907053730583,0.004757831699511561,0.8993135045540415,0.3715349975930744
458,0.9994907053730583,0.004496821276746312,0.906178491339258,0.36010833838166034
459,1.0,0.0038347551862391196,0.8993135027809056,0.381522281014401
460,1.0,0.0030584908444491322,0.8993135027809056,0.37223240289862697
461,1.0,0.003712036901729683,0.8832951979178859,0.40643441738471286
462,1.0,0.0035393441305003694,0.8901601864762383,0.37186876556556886
463,0.9997453526865292,0.004100304021342815,0.894736843742004,0.3852330254267228
464,0.9997453526865292,0.004460580368685888,0.8924485159956891,0.3681351619536053
465,1.0,0.0033951118082825027,0.8970251750345907,0.3605934816585253
466,1.0,0.003272667469628495,0.8993135045540415,0.3704375675804828
467,0.9997453526865292,0.003775535323776861,0.8878718569567875,0.39390946815570377
468,0.9997453526865292,0.004351627613579784,0.8878718569567875,0.3933500919653022
469,1.0,0.0029648565678938614,0.8970251750345907,0.36092012264772194
470,1.0,0.0035105489188701345,0.8970251732614548,0.35501880916496165
471,0.9994907053730583,0.0037451901312192714,0.8947368455151399,0.37851844073296687
472,0.9992360580595875,0.0036949033972026738,0.8970251732614548,0.3689903865826212
473,0.9997453526865292,0.002753955877281921,0.8993135027809056,0.3632504598704301
474,0.9994907053730583,0.003654930190801495,0.8924485159956891,0.3779822603311364
475,1.0,0.00302625538666619,0.8855835274373367,0.37991396001874717
476,1.0,0.0036908285592134587,0.8901601864762383,0.3853727962386963
477,1.0,0.0031080660903812125,0.8924485159956891,0.3655044106719696
478,1.0,0.00295741565252562,0.8947368455151399,0.3544558221538225
479,1.0,0.003494352061844089,0.8901601864762383,0.39267720486670393
480,0.999745352109759,0.0034651818825394438,0.8901601864762383,0.3928144683281399
481,0.9997453526865292,0.0032128134178178425,0.8832951979178859,0.40260537609764857
482,1.0,0.004034928759777701,0.8832951979178859,0.4036885872653747
483,1.0,0.0028123799044456736,0.8901601864762383,0.37486174262770255
484,0.9997453526865292,0.003173450477490534,0.8832951979178859,0.4110856773992425
485,0.9997453526865292,0.0032004175572754516,0.8878718569567875,0.4009195852947999
486,1.0,0.0028210087343865423,0.8855835274373367,0.3993960641818952
487,1.0,0.002929148807085772,0.8878718569567875,0.40447597867154966
488,0.9997453526865292,0.003624710180496203,0.8855835274373367,0.40815841074120807
489,1.0,0.00296236175612357,0.894736841968868,0.3786535083361021
490,0.9997453526865292,0.0031883846747261827,0.894736841968868,0.3945297969833391
491,0.9997453526865292,0.0035832788096088657,0.8970251714883188,0.3869423529717142
492,1.0,0.0033091573723643326,0.8924485142225532,0.38886709681773896
493,1.0,0.002905078219244627,0.8993135010077697,0.3762559847782624
494,0.9997453526865292,0.0031257232240592594,0.8924485124494173,0.4026802790178587
495,1.0,0.0031066070461841615,0.894736841968868,0.3737472917040644
496,0.9997453526865292,0.0034778892981416876,0.9038901600466713,0.3602932896507687
497,1.0,0.003248383050823837,0.8901601829299665,0.39125511108192207
498,1.0,0.003859112168815692,0.9016018323003564,0.35368009624273883
499,1.0,0.0029647354265902146,0.8855835256642007,0.3964754857924219
500,1.0,0.0026847615201931675,0.8878718551836515,0.3896384110985413
501,1.0,0.002713633167953711,0.8901601847031023,0.39676723504775724
502,1.0,0.002827271108468366,0.8878718551836515,0.3971590128997916
503,1.0,0.002708485125541983,0.894736843742004,0.39367386456621595
504,1.0,0.002745170836299677,0.8901601847031023,0.3940919088689904
505,1.0,0.0023630828174390326,0.894736843742004,0.3846093481683622
506,1.0,0.0022960007282603377,0.8970251732614548,0.40158790237434394
507,0.9997453526865292,0.002515579325267687,0.8924485142225532,0.4258155386630676
508,1.0,0.0019212187548754496,0.8855835256642007,0.42510702837795633
509,1.0,0.002583917409659707,0.8924485142225532,0.37463214809343526
510,0.9997453526865292,0.0026364212958771816,0.8878718551836515,0.40129065114655266
511,1.0,0.0026459698208380297,0.8878718551836515,0.3972581318777813
512,1.0,0.0023146614133277665,0.8901601847031023,0.3907052104273977
513,0.9997453526865292,0.00263147635398675,0.8993135010077697,0.39088769069525414
514,1.0,0.00191021829480431,0.894736841968868,0.39638767553412396
515,1.0,0.002444501035389765,0.894736841968868,0.40612563105551547
516,1.0,0.0027559279778835663,0.8878718534105157,0.4197337129227902
517,0.9997453526865292,0.0025274945754258553,0.8832951961447499,0.42843355289585805
518,0.9994907053730583,0.0024390733270007793,0.8901601829299665,0.39605511909082225
519,1.0,0.0027760408866983584,0.8970251714883188,0.3811127486163473
520,1.0,0.002379024334339392,0.8901601847031023,0.4099685676242449
521,1.0,0.002422689979032454,0.894736841968868,0.4061929275978621
522,0.9997453526865292,0.002511311631942861,0.8878718534105157,0.41603860790996855
523,0.9994907053730583,0.0028729822342209318,0.8924485142225532,0.40207571248167984
524,0.9997453526865292,0.0026498753146731125,0.8924485124494173,0.4074023141604539
525,0.9997453526865292,0.002203966634049689,0.894736841968868,0.4051460737290044
526,0.9997453526865292,0.0025348320380085662,0.8901601847031023,0.42232704353550754
527,1.0,0.0026209462497611977,0.8878718551836515,0.4082316107689925
528,0.9997453526865292,0.002288678170840875,0.8993135010077697,0.3871734025003708
529,1.0,0.001979855920484222,0.894736843742004,0.39781343244715195
530,0.9997453526865292,0.002039256299280725,0.8878718534105157,0.43273513793126944
531,1.0,0.002170275307299822,0.8901601829299665,0.4322916425474721
532,1.0,0.0019763060451751073,0.894736841968868,0.40685348117242415
533,0.9997453526865292,0.002862421060444634,0.8993135010077697,0.3987362446514911
534,0.9997453526865292,0.0025227824169103655,0.894736841968868,0.4104055051331662
535,0.9994907053730583,0.0027086086315559407,0.894736841968868,0.387691833334602
536,1.0,0.0022294479197563295,0.894736841968868,0.39222018216103655
537,1.0,0.002462376342497734,0.8924485124494173,0.40179947768796226
538,1.0,0.0022004794860699816,0.8878718551836515,0.4372686557556999
539,1.0,0.002029671695011995,0.8924485124494173,0.4092388244460868
540,1.0,0.002040718335502736,0.8924485124494173,0.42343889473504825
541,1.0,0.002119960010323037,0.8855835238910649,0.44975547042400393
542,1.0,0.0022423852805208548,0.8855835238910649,0.44365982649937374
543,1.0,0.0018402852297603784,0.8855835256642007,0.43925872012052164
544,1.0,0.0017591421299113371,0.881006868398435,0.4446754406123194
545,1.0,0.0018297538286319744,0.8832951979178859,0.42988602564727685
546,1.0,0.001954304797457247,0.9016018323003564,0.39298995480248256
547,0.9997453526865292,0.001987503382231711,0.8970251714883188,0.39591026831273357
548,1.0,0.0019813874029220744,0.894736841968868,0.40792624897896834
549,1.0,0.0019740130116176246,0.8878718534105157,0.4309115185822175
550,1.0,0.001827049353252456,0.8924485124494173,0.4243751370456726
551,1.0,0.0024036010264826694,0.894736841968868,0.4192822672750639
552,1.0,0.0017372658380184172,0.894736841968868,0.431532809029182
553,1.0,0.0016282111171865184,0.8924485124494173,0.44939805973039887
554,0.9997453526865292,0.002341214637473645,0.8993134992346338,0.41375091712862183
555,1.0,0.0018556556793184477,0.897025169715183,0.42722564809518765
556,1.0,0.0021655494073296293,0.8924485124494173,0.4247355947028036
557,1.0,0.0018430437688955997,0.8970251732614548,0.38620224247262464
558,1.0,0.0014811602496639983,0.8970251732614548,0.38816515456893624
559,1.0,0.0018128106728203734,0.8855835256642007,0.436671011848908
560,1.0,0.002131543827067889,0.894736841968868,0.4399352172555858
561,1.0,0.0020723161764294932,0.8970251714883188,0.41040867007842596
562,1.0,0.0017608379669936181,0.894736841968868,0.43051211109696047
563,1.0,0.001843685586160077,0.8878718569567875,0.45547927892180823
564,1.0,0.002052481009878421,0.8924485142225532,0.43062408895869003
565,1.0,0.00157337949955364,0.894736843742004,0.4209250338904099
566,0.9997453526865292,0.0017543155111814535,0.8901601847031023,0.422152778615395
567,1.0,0.0018587782343425974,0.9016018287540846,0.3887726081113248
568,0.9997453526865292,0.0020716474352092374,0.8993134992346338,0.4225409149578016
569,1.0,0.0022357490038743986,0.9038901582735354,0.373385063638949
570,1.0,0.0018449359402254505,0.894736841968868,0.42012148314673514
571,1.0,0.0022045592627428076,0.8970251714883188,0.4213589479639547
572,1.0,0.0021320759684408546,0.8993135010077697,0.40075699108689
573,1.0,0.00156511760374063,0.8901601847031023,0.4177424288450717
574,0.9997453526865292,0.0022347964579891673,0.8901601847031023,0.42094267802462154
575,1.0,0.0016897515851391472,0.8855835274373367,0.4437113251170523
576,0.9997453526865292,0.0023874415261165797,0.8878718551836515,0.44715879458584556
577,1.0,0.0026149919525387446,0.8855835274373367,0.43726184578863925
578,1.0,0.0018852122151666385,0.8901601847031023,0.42534831838013104
579,1.0,0.002437468349394325,0.8970251714883188,0.40692750639037084
580,0.9997453526865292,0.0017831097572937804,0.894736841968868,0.3947653730892208
581,1.0,0.0018898012313956448,0.8970251714883188,0.420873297774819
582,1.0,0.001833737183180582,0.894736843742004,0.4325291027466274
583,1.0,0.0016468706904683543,0.8993135027809056,0.43487380970124523
584,0.9997453526865292,0.002017964518906253,0.8878718551836515,0.4386126493493807
585,1.0,0.001507508133457196,0.8901601847031023,0.4267265450899879
586,1.0,0.0014276916053954124,0.8901601847031023,0.429957228237486
587,0.9994907053730583,0.00165677925376499,0.894736841968868,0.41015581854830074
588,1.0,0.001893357530506368,0.8855835238910649,0.45096544498573454
589,1.0,0.0018330785023252002,0.8901601829299665,0.41787382394279987
590,1.0,0.0012974637423854,0.8970251714883188,0.41165433186415407
591,1.0,0.0012781128203879942,0.8970251714883188,0.4009628649161664
592,1.0,0.0014175808294703517,0.9038901600466713,0.37597234356185116
593,1.0,0.0012191415578873958,0.9061784895661221,0.3807868721897051
594,1.0,0.0018124776566982163,0.9016018305272205,0.4238903386096387
595,1.0,0.0015302027402782914,0.8924485124494173,0.4404886054297061
596,1.0,0.0010795767983715287,0.8924485124494173,0.4295439072618223
597,1.0,0.001744013668735435,0.8993135010077697,0.41399191725717804
598,1.0,0.001653015034058401,0.8993135010077697,0.4173625450521639
599,1.0,0.0014033978928268518,0.894736841968868,0.4230781021257287
600,1.0,0.001141205767774587,0.8993135010077697,0.41669043056342914
601,1.0,0.0012171158113149034,0.8970251714883188,0.4203071820313107
602,1.0,0.0009040870795922645,0.8970251714883188,0.4206169271837383
603,1.0,0.0012336222495578242,0.8878718534105157,0.46885932961508664
604,1.0,0.0013045638273011795,0.8901601829299665,0.4554097986262232
605,0.9997453526865292,0.001390159557841961,0.8924485124494173,0.4072123597156538
606,1.0,0.001291989145998736,0.8878718534105157,0.45034793247756477
607,0.9997453526865292,0.0014933651173084136,0.8924485142225532,0.43642256131024876
608,1.0,0.0012373995367434755,0.894736843742004,0.4312808862471744
609,1.0,0.0012432718976192803,0.9016018305272205,0.43387078181829825
610,1.0,0.0017455779823543599,0.9084668190855729,0.4177023165217799
611,0.9997453526865292,0.001461623669336952,0.9016018305272205,0.4190677078078486
612,1.0,0.0011379781161135654,0.9038901600466713,0.4015586691603781
613,1.0,0.0011410285544842349,0.894736841968868,0.4299555820513099
614,1.0,0.0011826814127398684,0.8970251714883188,0.4282046659451055
615,1.0,0.0011709788862508154,0.9038901600466713,0.393726017812024
616,1.0,0.0014073749897925186,0.8924485142225532,0.42049970073749054
617,1.0,0.0010343781692102297,0.8901601847031023,0.4415460168906153
618,1.0,0.0009808909519546365,0.894736843742004,0.4404009982636646
619,1.0,0.0011627441067590092,0.894736841968868,0.44472986589307373
620,1.0,0.0016244429944094715,0.9038901600466713,0.4151494415387409
621,1.0,0.0013046129898369495,0.9038901600466713,0.41720892072951493
622,1.0,0.0012004676559975672,0.8901601847031023,0.45407171758825227
623,1.0,0.0009972114627742118,0.8970251732614548,0.441167746003487
624,1.0,0.001010468538965805,0.8924485142225532,0.4677845250550888
625,1.0,0.0011443188834934477,0.8878718551836515,0.46897932648385965
626,1.0,0.0010444231369353115,0.8855835256642007,0.4890730412382829
627,1.0,0.0013565772244109584,0.8901601847031023,0.4391455142257961
628,1.0,0.0010033642886300659,0.8924485142225532,0.43555682154214626
629,1.0,0.0009362433287993345,0.8901601847031023,0.46929070929777156
630,1.0,0.0013155250177450829,0.8970251732614548,0.418575173486834
631,0.9997453526865292,0.001320209071898787,0.9038901618198072,0.3932977019717546
632,1.0,0.0016139841463067243,0.9016018323003564,0.40863347080806844
633,1.0,0.0009390498819325317,0.9038901618198072,0.4047281774830764
634,0.9997453526865292,0.0012511802794682614,0.9107551503781596,0.41449815215589797
635,1.0,0.0010925014931668258,0.9016018323003564,0.4579224008853703
636,1.0,0.0009548206026147674,0.8970251732614548,0.440406502520738
637,1.0,0.000952824478153626,0.8924485159956891,0.46787927304852744
638,1.0,0.0010155336804171446,0.894736843742004,0.4413086286739572
639,1.0,0.0010499358324890518,0.894736843742004,0.43712170619850027
640,1.0,0.001411722775332052,0.9107551486050237,0.3986848265410015
641,1.0,0.0014983666481917166,0.9084668190855729,0.4081377016734204
642,1.0,0.0011427310117800714,0.881006868398435,0.4827460863156504
643,1.0,0.00122015194595702,0.8924485142225532,0.4285487990903091
644,1.0,0.0011368706342860249,0.8764302093595334,0.510826747941207
645,1.0,0.001188754296057858,0.8741418798400826,0.5193872513841983
646,1.0,0.0013747195594375828,0.8924485142225532,0.4450866955095898
647,0.9997453526865292,0.0013260463342368925,0.9016018323003564,0.4154848451949912
648,0.9997453526865292,0.001357558518292113,0.9038901618198072,0.3879612979204213
649,1.0,0.0011077765536643726,0.9038901618198072,0.37237875736414433
650,1.0,0.0007966725446793946,0.8924485142225532,0.44242923425455116
651,1.0,0.0008632474297468831,0.8924485142225532,0.4616885397677018
652,0.9997453526865292,0.001195279974324393,0.8924485159956891,0.4409059819763258
653,1.0,0.0010981395658506885,0.8878718569567875,0.4428912014519323
654,1.0,0.0008018429340156251,0.8878718569567875,0.4808436562594887
655,1.0,0.0009190804189092878,0.894736843742004,0.4618121828517325
656,1.0,0.000971878502067752,0.8832951979178859,0.48200419947539097
657,1.0,0.0011085721293481142,0.8924485142225532,0.4386277844963139
658,0.9997453526865292,0.0010972063241871314,0.8787185388789842,0.4927563972140341
659,1.0,0.0008890435889948241,0.8878718569567875,0.4687357356673793
660,0.9997453526865292,0.0011304881884867048,0.894736843742004,0.4606537401539783
661,1.0,0.0009095492900349437,0.8787185388789842,0.5089482064241676
662,1.0,0.0012274516680975604,0.8764302093595334,0.5262598253496724
663,1.0,0.000974396956101632,0.8970251714883188,0.41686829327855013
664,1.0,0.0010477212632809196,0.894736843742004,0.4567356015847531
665,1.0,0.0008898883707403851,0.8924485142225532,0.47247498552368217
666,1.0,0.0006507146576877664,0.8878718551836515,0.4814863203933092
667,1.0,0.0009095833686860821,0.8832951961447499,0.49249559490849826
668,1.0,0.0010890600347324877,0.9084668190855729,0.41444688701247734
669,1.0,0.0007699448086448471,0.9061784895661221,0.4132264311035383
670,1.0,0.000677692507431485,0.9038901600466713,0.4263482476740189
671,1.0,0.0008433105202362337,0.8970251714883188,0.46243476669902933
672,1.0,0.0008232013581449658,0.8970251714883188,0.439563087317709
673,1.0,0.001148893972765109,0.894736843742004,0.4428606885794371
674,1.0,0.0009065161927521721,0.8970251732614548,0.4126247004254186
675,0.9997453526865292,0.0012255368453016737,0.8993135027809056,0.4218755081398263
676,1.0,0.0008353402911837663,0.894736843742004,0.4470471007668454
677,1.0,0.0009714951728339475,0.9016018323003564,0.4472511020282313
678,1.0,0.0009209890841291318,0.9016018323003564,0.4339563442858733
679,0.999745352109759,0.0015280244377260752,0.8993135027809056,0.41529010785253423
680,0.9994907055400181,0.0016050709305729064,0.9016018305272205,0.4163911296928502
681,1.0,0.001386783774709744,0.8832951961447499,0.4885376636578235
682,1.0,0.001793985683378769,0.8970251732614548,0.4427691809577309
683,1.0,0.0011465136981375947,0.9016018323003564,0.4289723880571959
684,1.0,0.0008782012071532818,0.8878718551836515,0.4610634161419399
685,0.9997453526865292,0.0013534105296444973,0.8970251714883188,0.4446881387544715
686,0.9997453526865292,0.0012347954915903332,0.8970251714883188,0.4683505462427161
687,1.0,0.001019433402029576,0.9016018305272205,0.4328648367517327
688,1.0,0.0008884318016510626,0.9016018305272205,0.4138958254654293
689,1.0,0.0007606374955786378,0.8924485124494173,0.425137390261111
690,1.0,0.0010609610901131889,0.8855835238910649,0.48872997807829005
691,1.0,0.0007864553132272312,0.9016018305272205,0.43617364027680194
692,1.0,0.0008821470315973335,0.9038901600466713,0.4271620983253627
693,1.0,0.0007570376758582734,0.8993135010077697,0.4482987131284085
694,1.0,0.0009097038318193417,0.8993135010077697,0.4468298614775289
695,1.0,0.000924169239354184,0.8993135010077697,0.4409598242363613
696,1.0,0.0008816419566755245,0.8855835256642007,0.4731770945495544
697,1.0,0.0005453485320710563,0.8878718551836515,0.46456787825585505
698,1.0,0.0008354833750487648,0.8901601847031023,0.46449079724280185
699,1.0,0.0006561752602975955,0.8993135010077697,0.4366849859669225
700,1.0,0.0007302395364942908,0.8993135010077697,0.4352125171188359
701,1.0,0.0009860521613631842,0.894736841968868,0.4458302089974318
702,1.0,0.0006363032141018318,0.8970251714883188,0.41036683931367074
703,1.0,0.0006201871972040932,0.8924485124494173,0.4561793745518822
704,1.0,0.0008735336210244404,0.8787185353327125,0.5252565132535022
705,1.0,0.0006891774142119271,0.8855835238910649,0.48050028184595045
706,1.0,0.0006341609400017593,0.8970251714883188,0.44333636484511657
707,1.0,0.0006652856349912696,0.8993135010077697,0.45617925210320975
708,1.0,0.0007389833236306238,0.9038901600466713,0.4330655947770898
709,1.0,0.0007191694160529204,0.8970251714883188,0.4485828742146219
710,1.0,0.0008567141602942324,0.9038901600466713,0.4131207571490678
711,1.0,0.0007206825798491586,0.8993135010077697,0.4538547681043568
712,1.0,0.0007353671088636036,0.8855835256642007,0.50177587981355
713,1.0,0.0008267706481028165,0.8970251714883188,0.47688789130348364
714,1.0,0.0006086967359387098,0.8993135010077697,0.47677179741368414
715,1.0,0.0007088103270616363,0.8924485124494173,0.4787785835410692
716,1.0,0.0005737646866014912,0.8970251714883188,0.4693964070531815
717,1.0,0.0005556406103783537,0.8970251714883188,0.46673638269612117
718,1.0,0.0007414678941431724,0.9038901600466713,0.45343545352021397
719,1.0,0.0006196837351436418,0.9038901600466713,0.44846492903456264
720,1.0,0.0005179739820438066,0.894736841968868,0.4900232665666999
721,0.9997453526865292,0.0008336008568599095,0.8970251714883188,0.45012589668518344
722,1.0,0.0008235385155487641,0.8901601829299665,0.49641859568911234
723,1.0,0.0008473392152472921,0.8878718534105157,0.5006456667007516
724,1.0,0.0008971897592845861,0.8970251714883188,0.4452310357609384
725,1.0,0.0008695362538226406,0.9061784895661221,0.4376521822516924
726,1.0,0.0007203034495376988,0.894736841968868,0.49104465707897865
727,1.0,0.0008013943455970332,0.8993135010077697,0.45673057402844286
728,1.0,0.000778502362274769,0.8901601829299665,0.4869855312242661
729,1.0,0.000768338325658141,0.9016018305272205,0.43525756769376706
730,1.0,0.0006369646741173354,0.9016018305272205,0.4289335803527308
731,1.0,0.0007072698508509296,0.9016018305272205,0.44127096764282997
732,0.9997453526865292,0.0007277540180580522,0.9061784895661221,0.41741022907487313
733,1.0,0.0005775248452972787,0.8970251714883188,0.4669592977252105
734,1.0,0.0007174626416888995,0.8970251714883188,0.4787121154964652
735,1.0,0.0004724255053118736,0.8970251714883188,0.47550701467614426
736,1.0,0.0006702853656540641,0.9016018305272205,0.4543315470559646
737,1.0,0.0005519071573188549,0.894736841968868,0.48252050336492963
738,1.0,0.000568270329195676,0.9016018305272205,0.4641140049805085
739,1.0,0.0007992392754906029,0.8924485124494173,0.494137838005474
740,1.0,0.0006563743529613039,0.8924485124494173,0.4670230676707741
741,1.0,0.0006437408324959634,0.8901601829299665,0.5072770750222544
742,1.0,0.000527918203017049,0.8924485124494173,0.5036885989339728
743,1.0,0.0008345687311478974,0.9061784895661221,0.43350346700141307
744,1.0,0.0005085333663008138,0.9038901600466713,0.45994890499987917
745,1.0,0.000498763788235356,0.8970251714883188,0.48499196331342787
746,1.0,0.0004652741853370556,0.894736841968868,0.491574748293486
747,1.0,0.0006675717655455715,0.8878718534105157,0.5256432060928039
748,1.0,0.0005134847483456943,0.8901601829299665,0.5095766000534905
749,1.0,0.00048328436553174203,0.8993135010077697,0.4909407660126413
750,1.0,0.0005146172276807383,0.9016018305272205,0.46335489785371164
751,1.0,0.00043120067618659935,0.9016018305272205,0.4605802326576115
752,1.0,0.0006222828888300065,0.8970251714883188,0.4760826620480016
753,1.0,0.0006221907685216975,0.9061784895661221,0.45067178473319836
754,1.0,0.00045918660069379916,0.9038901600466713,0.432953724667464
755,1.0,0.0005581274942118677,0.8993135010077697,0.4705361233559571
756,1.0,0.0005518262126628105,0.8970251714883188,0.49662886447437293
757,1.0,0.0004861957605228623,0.8878718551836515,0.4970183956609438
758,1.0,0.00038145044824301294,0.881006868398435,0.5271335379209889
759,1.0,0.0004815045167966339,0.8924485124494173,0.4996932878988013
760,1.0,0.0005233969401644302,0.8970251714883188,0.4687439044703062
761,1.0,0.0004659734666436438,0.8993135010077697,0.4851496893767634
762,1.0,0.0005412283863695369,0.894736841968868,0.48458628752002453
763,1.0,0.0005386229410753563,0.8901601847031023,0.49317719304861685
764,1.0,0.0004470639708619124,0.8924485142225532,0.48003554985234065
765,1.0,0.0004701770433035722,0.8855835274373367,0.4983988018275944
766,1.0,0.0005789887859655286,0.9038901600466713,0.4360761767257542
767,1.0,0.00038728583755286096,0.8993135010077697,0.46621519265785916
768,1.0,0.0005014061852334447,0.894736841968868,0.4625163657987145
769,1.0,0.0005594671212867431,0.8901601847031023,0.4889822899613282
770,1.0,0.0004707409764943834,0.8901601847031023,0.47714346954151476
771,1.0,0.0005123257541852844,0.8924485142225532,0.493514936118977
772,1.0,0.0005754066445561886,0.9016018305272205,0.46570655928596477
773,1.0,0.00043432434948115233,0.9038901600466713,0.4840605883290075
774,1.0,0.000471535326371032,0.9038901600466713,0.47863943943033505
775,1.0,0.00046945756426474035,0.9061784895661221,0.45666809079985327
776,1.0,0.0006505736960122753,0.9061784895661221,0.4374661871511276
777,1.0,0.0005914522913007835,0.8970251714883188,0.4887449426631906
778,1.0,0.00048544390935714986,0.8993135010077697,0.48165326577438644
779,1.0,0.0004410160067816141,0.9016018305272205,0.480551493283813
780,1.0,0.0006171937599156345,0.8993135010077697,0.4770324629149666
781,1.0,0.0006398562542060857,0.8993135027809056,0.4636995193955555
782,1.0,0.0005061472805306674,0.8878718551836515,0.4906368340862152
783,1.0,0.0005231012470553256,0.8924485142225532,0.48482580557977034
784,1.0,0.0005204853193277339,0.8832951979178859,0.5160476358722494
785,1.0,0.0006305832514951543,0.8878718551836515,0.5041492434401806
786,1.0,0.0005102519716350134,0.8901601847031023,0.494504817085899
787,1.0,0.00046628977568487624,0.894736843742004,0.47465449428394674
788,1.0,0.00045435280463471394,0.8901601829299665,0.5085018321496672
789,1.0,0.0008673965389327331,0.906178491339258,0.43702845442486027
790,1.0,0.0006437137871222945,0.9016018323003564,0.46319364215880293
791,0.9997453526865292,0.000995709381756632,0.8970251732614548,0.4929996572724742
792,0.9997453526865292,0.001132948337179894,0.8878718551836515,0.5305862497683248
793,1.0,0.0009414516662695472,0.8924485142225532,0.5139250030370272
794,1.0,0.0007064838435165043,0.8993135010077697,0.4759630676810747
795,1.0,0.00044281124742245117,0.8970251714883188,0.4748144745826721
796,1.0,0.0005674514122991978,0.8901601847031023,0.531352500620914
797,1.0,0.00057403164564034,0.8901601847031023,0.5133622763017768
798,1.0,0.00039992077740245226,0.8993135010077697,0.4719508302225401
799,1.0,0.0004132951338599247,0.9016018305272205,0.4639846254608997
800,1.0,0.0005029934421941773,0.8993135010077697,0.4952599576736206
801,1.0,0.00040693051687296864,0.8993135010077697,0.45081904782856086
802,1.0,0.0006460016367109806,0.8924485124494173,0.49135791829167025
803,1.0,0.00044563735632498246,0.8901601829299665,0.5146479261889884
804,1.0,0.0006906177697625929,0.894736841968868,0.49757572217445895
805,1.0,0.0006560099836242527,0.8855835238910649,0.5302550624928158
806,1.0,0.0005053570110229067,0.8855835238910649,0.5072988121337694
807,1.0,0.0004592639922182998,0.8970251714883188,0.454763990176897
808,1.0,0.00042516237926931006,0.8970251714883188,0.4614376057817407
809,1.0,0.00041860389152914335,0.8901601829299665,0.5132079226065009
810,1.0,0.0006795178109692265,0.9016018305272205,0.4334471705508178
811,1.0,0.0005241874885449906,0.9107551468318879,0.36709969086696137
812,1.0,0.0008154087634656962,0.8993135010077697,0.4310694904635645
813,1.0,0.0005464385181386996,0.8901601847031023,0.47592549714807514
814,0.9997453526865292,0.0007752064088521217,0.8787185388789842,0.5342464301760737
815,1.0,0.0004936135856405413,0.8993135010077697,0.4364154560819643
816,1.0,0.0004006748657908029,0.9016018305272205,0.4528892355666281
817,1.0,0.000472331306751429,0.9038901600466713,0.4322409654031902
818,1.0,0.0004435948722744785,0.8901601829299665,0.49286211679265485
819,1.0,0.00044276511730274756,0.8970251714883188,0.48610950440372974
820,1.0,0.0003159190522314023,0.9016018305272205,0.48255445479119125
821,1.0,0.0004704715520138795,0.8855835256642007,0.5341235552008692
822,1.0,0.0002781934310180053,0.8970251714883188,0.5048280457200939
823,1.0,0.0003752588522200432,0.8924485124494173,0.5087774577348129
824,1.0,0.00039015556271784416,0.8970251714883188,0.4966212279191006
825,1.0,0.0003688393785999597,0.9038901600466713,0.4760704644416508
826,1.0,0.000313128072812087,0.9038901600466713,0.4898599318699651
827,1.0,0.0003572372678409515,0.9061784895661221,0.46618260999020505
828,1.0,0.00031758418738870946,0.9038901600466713,0.4780993726897294
829,1.0,0.0004379638428250489,0.9038901600466713,0.48599592782130774
830,1.0,0.00038065750651336463,0.9061784895661221,0.4623084872347267
831,1.0,0.00027400822568970473,0.9016018305272205,0.47808862257603923
832,1.0,0.0003391450777581578,0.9038901600466713,0.4871896480122747
833,1.0,0.00022809527205438612,0.9061784895661221,0.4812530852018832
834,1.0,0.00022389573910007874,0.9061784895661221,0.47397294954249736
835,1.0,0.0003957765191329322,0.9038901618198072,0.4767778475238202
836,1.0,0.00032079878491085085,0.9016018305272205,0.4690151209143807
837,1.0,0.0003978764159658979,0.894736841968868,0.5384262495373697
838,1.0,0.00031586374268056705,0.894736841968868,0.542100825762585
839,1.0,0.00042798058935001145,0.9016018305272205,0.490127593551675
840,1.0,0.0003674095625898011,0.894736841968868,0.5128062923249173
841,1.0,0.0003365708272567985,0.9016018305272205,0.46644934548120476
842,1.0,0.0004908209612730251,0.8993135010077697,0.5015274507912127
843,1.0,0.0002902717376096712,0.9016018305272205,0.468063679794425
844,1.0,0.0003849621458706686,0.8970251714883188,0.4965974249337849
845,1.0,0.0005031613428665025,0.8924485124494173,0.5176784864688629
846,1.0,0.0003180133746766163,0.894736841968868,0.4789966180136329
847,1.0,0.00032182423092586373,0.9107551486050237,0.45390664613901616
848,1.0,0.000469288705085514,0.8993135010077697,0.4855170934642207
849,1.0,0.00026500086970315443,0.9061784895661221,0.44821300604796244
850,1.0,0.00037787808563362454,0.9038901600466713,0.44849515725055056
851,1.0,0.00030351840253401883,0.9038901600466713,0.4643683316232956
852,1.0,0.00018638781050679863,0.8993135010077697,0.4871398648694669
853,1.0,0.00021269014238083802,0.8993135010077697,0.4936129325314572
854,1.0,0.00023939432964053338,0.8993135010077697,0.47792340170600595
855,1.0,0.0003278483850935411,0.8970251714883188,0.4934538286733409
856,1.0,0.00029382902496478464,0.8970251714883188,0.5003743638504016
857,1.0,0.00022814107029259454,0.8970251714883188,0.507972553542877
858,1.0,0.00023939777978957753,0.8993135010077697,0.47589326116258546
859,1.0,0.0002552028588888024,0.8970251714883188,0.5024938916859965
860,1.0,0.0002751331211683222,0.9016018305272205,0.5029715328590275
861,1.0,0.00028428950262577793,0.894736841968868,0.5307790712033584
862,1.0,0.0004387459332782226,0.8993135027809056,0.4842457956798562
863,1.0,0.0003333024902194895,0.8855835274373367,0.5592833836509652
864,1.0,0.0002442255342803252,0.894736843742004,0.5260238439458459
865,1.0,0.0003396370254776509,0.8901601847031023,0.5436886008871502
866,1.0,0.00032354270183549577,0.8901601847031023,0.5391594048768487
867,1.0,0.000267258156901465,0.8901601847031023,0.5242455060203779
868,1.0,0.00022129960958202767,0.8901601847031023,0.5441861813483031
869,1.0,0.0002835355960585499,0.8970251732614548,0.5108025188576985
870,1.0,0.00024072365947336912,0.9038901618198072,0.49196822927663747
871,1.0,0.0003003067354051961,0.8993135027809056,0.5054818925104643
872,1.0,0.00024501944304162153,0.8970251732614548,0.488830481807209
873,1.0,0.00045289045579294853,0.9107551468318879,0.44385876821980597
874,1.0,0.0002580173691811867,0.894736841968868,0.5030053227594297
875,1.0,0.00039807000859854694,0.9061784895661221,0.47258837405140397
876,1.0,0.0003276092619119641,0.8970251732614548,0.5149749179522014
877,1.0,0.00023407138559745477,0.8970251732614548,0.5154800225449918
878,1.0,0.00038518345940157086,0.8787185388789842,0.5975740229374211
879,1.0,0.00027785722500634424,0.8924485142225532,0.5390575887545841
880,1.0,0.0002336042024418005,0.8970251732614548,0.5110201090915252
881,1.0,0.000355147743236671,0.8901601847031023,0.5421592392010328
882,1.0,0.0002995162278641208,0.8970251714883188,0.5098816864959708
883,1.0,0.00022549056595821965,0.8924485124494173,0.5203571268772915
884,1.0,0.00020215018251403287,0.8993135010077697,0.5031196525154179
885,1.0,0.00028174166985734566,0.8993135010077697,0.516382880969233
886,1.0,0.0002371702104443632,0.8878718551836515,0.5451352084119478
887,1.0,0.00023682168063173212,0.8993135010077697,0.4816022031094444
888,1.0,0.00019956873274628364,0.9038901600466713,0.4707865045327071
889,1.0,0.00033615245877499265,0.894736841968868,0.4987700744201717
890,1.0,0.00025217626850956236,0.8924485142225532,0.510599588638585
891,1.0,0.00032087646349383505,0.8993135010077697,0.5048774847722436
892,1.0,0.0003978132132331653,0.894736843742004,0.548386762289488
893,1.0,0.0003717028022298081,0.8993135010077697,0.48138316067732717
894,1.0,0.00030242575241349657,0.9038901600466713,0.4928477612117335
895,1.0,0.00030341275411016236,0.9061784895661221,0.4322620735629472
896,1.0,0.0003052198870193146,0.8970251714883188,0.4929031100234942
897,1.0,0.0002808259123254938,0.894736843742004,0.5004255320851263
898,1.0,0.00023421844249290157,0.8855835256642007,0.5347322802521817
899,1.0,0.00023180730483177617,0.8924485142225532,0.5178079424038086
900,1.0,0.00022176020851389958,0.8901601847031023,0.5360980813031339
901,1.0,0.00027344649407730646,0.8924485142225532,0.5235613485972996
902,1.0,0.00020727818510051047,0.8993135027809056,0.48928843980795733
903,1.0,0.0002358788072233493,0.8970251732614548,0.4953445423249522
904,1.0,0.00019023600665554557,0.8924485142225532,0.5089573702291166
905,1.0,0.00020386227260338157,0.8970251714883188,0.49815724343402434
906,1.0,0.00022132446241988912,0.8970251732614548,0.4968534085379585
907,1.0,0.00027586680005089233,0.8970251714883188,0.503406081476528
908,1.0,0.00014566745349015237,0.8970251714883188,0.5107405596589606
909,1.0,0.00023823322531901363,0.8993135010077697,0.5312413536438407
910,1.0,0.00020177548030924467,0.8924485124494173,0.5408934457419393
911,1.0,0.00019828436643793882,0.8924485124494173,0.5438830144959129
912,1.0,0.00024264769412444105,0.9038901600466713,0.4975015232232943
913,1.0,0.0002708509867073627,0.9038901600466713,0.4830213468052975
914,1.0,0.0002338787430803618,0.9016018305272205,0.4879599215646085
915,1.0,0.0002890945269100651,0.8993135010077697,0.4902422766049885
916,1.0,0.0002984551126999448,0.8924485124494173,0.5423960470907748
